2026-04-28 22:27:05,608 [Worker-1: Loading available Gradle versions] INFO  o.e.b.c.i.u.g.PublishedGradleVersions - Gradle version information cache is out-of-date. Trying to update.
2026-04-28 22:35:46,793 [Worker-6: Creating project "curso-kafka"] INFO  o.e.m.c.i.l.LifecycleMappingFactory - Using org.eclipse.m2e.jdt.JarLifecycleMapping lifecycle mapping for MavenProject: com.dev4j.kafka:curso-kafka:0.0.1-SNAPSHOT @ C:\develop\Spring java\Alejandro-Agapito\kafka\curso-kafka\pom.xml.
2026-04-28 22:35:47,592 [Worker-6: Creating project "curso-kafka"] INFO  o.e.m.j.i.AbstractJavaProjectConfigurator - Adding source folder /curso-kafka/src/main/java
2026-04-28 22:35:47,595 [Worker-6: Creating project "curso-kafka"] INFO  o.e.m.j.i.AbstractJavaProjectConfigurator - Adding resource folder /curso-kafka/src/main/resources
2026-04-28 22:35:47,596 [Worker-6: Creating project "curso-kafka"] INFO  o.e.m.j.i.AbstractJavaProjectConfigurator - Adding source folder /curso-kafka/src/test/java
2026-04-28 22:35:47,597 [Worker-6: Creating project "curso-kafka"] INFO  o.e.m.j.i.AbstractJavaProjectConfigurator - Adding resource folder /curso-kafka/src/test/resources
2026-04-28 22:35:48,183 [Worker-6: Building] WARN  o.a.m.s.f.DefaultMavenResourcesFiltering - Using platform encoding (UTF-8 actually) to copy filtered resources, i.e. build is platform dependent!
2026-04-28 22:35:48,189 [Worker-6: Building] INFO  o.a.m.s.f.DefaultMavenResourcesFiltering - Copying 0 resource from src\main\resources to target\classes
2026-04-28 22:35:48,193 [Worker-6: Building] WARN  o.a.m.s.f.DefaultMavenResourcesFiltering - Using platform encoding (UTF-8 actually) to copy filtered resources, i.e. build is platform dependent!
2026-04-28 22:35:48,194 [Worker-6: Building] INFO  o.a.m.s.f.DefaultMavenResourcesFiltering - Copying 0 resource from src\test\resources to target\test-classes
2026-04-28 22:36:30,764 [Worker-14: Launching Executing install in C__develop_Spring java_Alejandro-Agapito_kafka_curso-kafka] INFO  o.eclipse.m2e.core.internal.Bundles - getClasspathEntries(Bundle=org.eclipse.m2e.maven.runtime_3.9.700.20240602-2313 [359])
2026-04-28 22:36:30,768 [Worker-14: Launching Executing install in C__develop_Spring java_Alejandro-Agapito_kafka_curso-kafka] INFO  o.eclipse.m2e.core.internal.Bundles - 	Entry: C:\Users\adria\Desktop\devtools\sts-4.24.0.RELEASE\plugins\org.eclipse.m2e.maven.runtime_3.9.700.20240602-2313
2026-04-28 22:36:30,769 [Worker-14: Launching Executing install in C__develop_Spring java_Alejandro-Agapito_kafka_curso-kafka] INFO  o.eclipse.m2e.core.internal.Bundles - 	Entry: C:\Users\adria\Desktop\devtools\sts-4.24.0.RELEASE\plugins\org.eclipse.m2e.maven.runtime_3.9.700.20240602-2313\jars\aopalliance-1.0.jar
2026-04-28 22:36:30,770 [Worker-14: Launching Executing install in C__develop_Spring java_Alejandro-Agapito_kafka_curso-kafka] INFO  o.eclipse.m2e.core.internal.Bundles - 	Entry: C:\Users\adria\Desktop\devtools\sts-4.24.0.RELEASE\plugins\org.eclipse.m2e.maven.runtime_3.9.700.20240602-2313\jars\guice-5.1.0.jar
2026-04-28 22:36:30,770 [Worker-14: Launching Executing install in C__develop_Spring java_Alejandro-Agapito_kafka_curso-kafka] INFO  o.eclipse.m2e.core.internal.Bundles - 	Entry: C:\Users\adria\Desktop\devtools\sts-4.24.0.RELEASE\plugins\org.eclipse.m2e.maven.runtime_3.9.700.20240602-2313\jars\httpclient-4.5.14.jar
2026-04-28 22:36:30,771 [Worker-14: Launching Executing install in C__develop_Spring java_Alejandro-Agapito_kafka_curso-kafka] INFO  o.eclipse.m2e.core.internal.Bundles - 	Entry: C:\Users\adria\Desktop\devtools\sts-4.24.0.RELEASE\plugins\org.eclipse.m2e.maven.runtime_3.9.700.20240602-2313\jars\httpcore-4.4.16.jar
2026-04-28 22:36:30,771 [Worker-14: Launching Executing install in C__develop_Spring java_Alejandro-Agapito_kafka_curso-kafka] INFO  o.eclipse.m2e.core.internal.Bundles - 	Entry: C:\Users\adria\Desktop\devtools\sts-4.24.0.RELEASE\plugins\org.eclipse.m2e.maven.runtime_3.9.700.20240602-2313\jars\jansi-2.4.1.jar
2026-04-28 22:36:30,772 [Worker-14: Launching Executing install in C__develop_Spring java_Alejandro-Agapito_kafka_curso-kafka] INFO  o.eclipse.m2e.core.internal.Bundles - 	Entry: C:\Users\adria\Desktop\devtools\sts-4.24.0.RELEASE\plugins\org.eclipse.m2e.maven.runtime_3.9.700.20240602-2313\jars\jcl-over-slf4j-1.7.36.jar
2026-04-28 22:36:30,772 [Worker-14: Launching Executing install in C__develop_Spring java_Alejandro-Agapito_kafka_curso-kafka] INFO  o.eclipse.m2e.core.internal.Bundles - 	Entry: C:\Users\adria\Desktop\devtools\sts-4.24.0.RELEASE\plugins\org.eclipse.m2e.maven.runtime_3.9.700.20240602-2313\jars\maven-artifact-3.9.7.jar
2026-04-28 22:36:30,773 [Worker-14: Launching Executing install in C__develop_Spring java_Alejandro-Agapito_kafka_curso-kafka] INFO  o.eclipse.m2e.core.internal.Bundles - 	Entry: C:\Users\adria\Desktop\devtools\sts-4.24.0.RELEASE\plugins\org.eclipse.m2e.maven.runtime_3.9.700.20240602-2313\jars\maven-builder-support-3.9.7.jar
2026-04-28 22:36:30,774 [Worker-14: Launching Executing install in C__develop_Spring java_Alejandro-Agapito_kafka_curso-kafka] INFO  o.eclipse.m2e.core.internal.Bundles - 	Entry: C:\Users\adria\Desktop\devtools\sts-4.24.0.RELEASE\plugins\org.eclipse.m2e.maven.runtime_3.9.700.20240602-2313\jars\maven-compat-3.9.7.jar
2026-04-28 22:36:30,775 [Worker-14: Launching Executing install in C__develop_Spring java_Alejandro-Agapito_kafka_curso-kafka] INFO  o.eclipse.m2e.core.internal.Bundles - 	Entry: C:\Users\adria\Desktop\devtools\sts-4.24.0.RELEASE\plugins\org.eclipse.m2e.maven.runtime_3.9.700.20240602-2313\jars\maven-core-3.9.7.jar
2026-04-28 22:36:30,776 [Worker-14: Launching Executing install in C__develop_Spring java_Alejandro-Agapito_kafka_curso-kafka] INFO  o.eclipse.m2e.core.internal.Bundles - 	Entry: C:\Users\adria\Desktop\devtools\sts-4.24.0.RELEASE\plugins\org.eclipse.m2e.maven.runtime_3.9.700.20240602-2313\jars\maven-embedder-3.9.7.jar
2026-04-28 22:36:30,777 [Worker-14: Launching Executing install in C__develop_Spring java_Alejandro-Agapito_kafka_curso-kafka] INFO  o.eclipse.m2e.core.internal.Bundles - 	Entry: C:\Users\adria\Desktop\devtools\sts-4.24.0.RELEASE\plugins\org.eclipse.m2e.maven.runtime_3.9.700.20240602-2313\jars\maven-model-3.9.7.jar
2026-04-28 22:36:30,777 [Worker-14: Launching Executing install in C__develop_Spring java_Alejandro-Agapito_kafka_curso-kafka] INFO  o.eclipse.m2e.core.internal.Bundles - 	Entry: C:\Users\adria\Desktop\devtools\sts-4.24.0.RELEASE\plugins\org.eclipse.m2e.maven.runtime_3.9.700.20240602-2313\jars\maven-model-builder-3.9.7.jar
2026-04-28 22:36:30,778 [Worker-14: Launching Executing install in C__develop_Spring java_Alejandro-Agapito_kafka_curso-kafka] INFO  o.eclipse.m2e.core.internal.Bundles - 	Entry: C:\Users\adria\Desktop\devtools\sts-4.24.0.RELEASE\plugins\org.eclipse.m2e.maven.runtime_3.9.700.20240602-2313\jars\maven-plugin-api-3.9.7.jar
2026-04-28 22:36:30,779 [Worker-14: Launching Executing install in C__develop_Spring java_Alejandro-Agapito_kafka_curso-kafka] INFO  o.eclipse.m2e.core.internal.Bundles - 	Entry: C:\Users\adria\Desktop\devtools\sts-4.24.0.RELEASE\plugins\org.eclipse.m2e.maven.runtime_3.9.700.20240602-2313\jars\maven-repository-metadata-3.9.7.jar
2026-04-28 22:36:30,780 [Worker-14: Launching Executing install in C__develop_Spring java_Alejandro-Agapito_kafka_curso-kafka] INFO  o.eclipse.m2e.core.internal.Bundles - 	Entry: C:\Users\adria\Desktop\devtools\sts-4.24.0.RELEASE\plugins\org.eclipse.m2e.maven.runtime_3.9.700.20240602-2313\jars\maven-resolver-api-1.9.20.jar
2026-04-28 22:36:30,780 [Worker-14: Launching Executing install in C__develop_Spring java_Alejandro-Agapito_kafka_curso-kafka] INFO  o.eclipse.m2e.core.internal.Bundles - 	Entry: C:\Users\adria\Desktop\devtools\sts-4.24.0.RELEASE\plugins\org.eclipse.m2e.maven.runtime_3.9.700.20240602-2313\jars\maven-resolver-connector-basic-1.9.20.jar
2026-04-28 22:36:30,780 [Worker-14: Launching Executing install in C__develop_Spring java_Alejandro-Agapito_kafka_curso-kafka] INFO  o.eclipse.m2e.core.internal.Bundles - 	Entry: C:\Users\adria\Desktop\devtools\sts-4.24.0.RELEASE\plugins\org.eclipse.m2e.maven.runtime_3.9.700.20240602-2313\jars\maven-resolver-impl-1.9.20.jar
2026-04-28 22:36:30,781 [Worker-14: Launching Executing install in C__develop_Spring java_Alejandro-Agapito_kafka_curso-kafka] INFO  o.eclipse.m2e.core.internal.Bundles - 	Entry: C:\Users\adria\Desktop\devtools\sts-4.24.0.RELEASE\plugins\org.eclipse.m2e.maven.runtime_3.9.700.20240602-2313\jars\maven-resolver-named-locks-1.9.20.jar
2026-04-28 22:36:30,781 [Worker-14: Launching Executing install in C__develop_Spring java_Alejandro-Agapito_kafka_curso-kafka] INFO  o.eclipse.m2e.core.internal.Bundles - 	Entry: C:\Users\adria\Desktop\devtools\sts-4.24.0.RELEASE\plugins\org.eclipse.m2e.maven.runtime_3.9.700.20240602-2313\jars\maven-resolver-provider-3.9.7.jar
2026-04-28 22:36:30,781 [Worker-14: Launching Executing install in C__develop_Spring java_Alejandro-Agapito_kafka_curso-kafka] INFO  o.eclipse.m2e.core.internal.Bundles - 	Entry: C:\Users\adria\Desktop\devtools\sts-4.24.0.RELEASE\plugins\org.eclipse.m2e.maven.runtime_3.9.700.20240602-2313\jars\maven-resolver-spi-1.9.20.jar
2026-04-28 22:36:30,782 [Worker-14: Launching Executing install in C__develop_Spring java_Alejandro-Agapito_kafka_curso-kafka] INFO  o.eclipse.m2e.core.internal.Bundles - 	Entry: C:\Users\adria\Desktop\devtools\sts-4.24.0.RELEASE\plugins\org.eclipse.m2e.maven.runtime_3.9.700.20240602-2313\jars\maven-resolver-transport-file-1.9.20.jar
2026-04-28 22:36:30,782 [Worker-14: Launching Executing install in C__develop_Spring java_Alejandro-Agapito_kafka_curso-kafka] INFO  o.eclipse.m2e.core.internal.Bundles - 	Entry: C:\Users\adria\Desktop\devtools\sts-4.24.0.RELEASE\plugins\org.eclipse.m2e.maven.runtime_3.9.700.20240602-2313\jars\maven-resolver-transport-http-1.9.20.jar
2026-04-28 22:36:30,783 [Worker-14: Launching Executing install in C__develop_Spring java_Alejandro-Agapito_kafka_curso-kafka] INFO  o.eclipse.m2e.core.internal.Bundles - 	Entry: C:\Users\adria\Desktop\devtools\sts-4.24.0.RELEASE\plugins\org.eclipse.m2e.maven.runtime_3.9.700.20240602-2313\jars\maven-resolver-transport-wagon-1.9.20.jar
2026-04-28 22:36:30,783 [Worker-14: Launching Executing install in C__develop_Spring java_Alejandro-Agapito_kafka_curso-kafka] INFO  o.eclipse.m2e.core.internal.Bundles - 	Entry: C:\Users\adria\Desktop\devtools\sts-4.24.0.RELEASE\plugins\org.eclipse.m2e.maven.runtime_3.9.700.20240602-2313\jars\maven-resolver-util-1.9.20.jar
2026-04-28 22:36:30,783 [Worker-14: Launching Executing install in C__develop_Spring java_Alejandro-Agapito_kafka_curso-kafka] INFO  o.eclipse.m2e.core.internal.Bundles - 	Entry: C:\Users\adria\Desktop\devtools\sts-4.24.0.RELEASE\plugins\org.eclipse.m2e.maven.runtime_3.9.700.20240602-2313\jars\maven-settings-3.9.7.jar
2026-04-28 22:36:30,784 [Worker-14: Launching Executing install in C__develop_Spring java_Alejandro-Agapito_kafka_curso-kafka] INFO  o.eclipse.m2e.core.internal.Bundles - 	Entry: C:\Users\adria\Desktop\devtools\sts-4.24.0.RELEASE\plugins\org.eclipse.m2e.maven.runtime_3.9.700.20240602-2313\jars\maven-settings-builder-3.9.7.jar
2026-04-28 22:36:30,784 [Worker-14: Launching Executing install in C__develop_Spring java_Alejandro-Agapito_kafka_curso-kafka] INFO  o.eclipse.m2e.core.internal.Bundles - 	Entry: C:\Users\adria\Desktop\devtools\sts-4.24.0.RELEASE\plugins\org.eclipse.m2e.maven.runtime_3.9.700.20240602-2313\jars\maven-shared-utils-3.4.2.jar
2026-04-28 22:36:30,785 [Worker-14: Launching Executing install in C__develop_Spring java_Alejandro-Agapito_kafka_curso-kafka] INFO  o.eclipse.m2e.core.internal.Bundles - 	Entry: C:\Users\adria\Desktop\devtools\sts-4.24.0.RELEASE\plugins\org.eclipse.m2e.maven.runtime_3.9.700.20240602-2313\jars\org.eclipse.sisu.inject-0.9.0.M2.jar
2026-04-28 22:36:30,785 [Worker-14: Launching Executing install in C__develop_Spring java_Alejandro-Agapito_kafka_curso-kafka] INFO  o.eclipse.m2e.core.internal.Bundles - 	Entry: C:\Users\adria\Desktop\devtools\sts-4.24.0.RELEASE\plugins\org.eclipse.m2e.maven.runtime_3.9.700.20240602-2313\jars\org.eclipse.sisu.plexus-0.9.0.M2.jar
2026-04-28 22:36:30,785 [Worker-14: Launching Executing install in C__develop_Spring java_Alejandro-Agapito_kafka_curso-kafka] INFO  o.eclipse.m2e.core.internal.Bundles - 	Entry: C:\Users\adria\Desktop\devtools\sts-4.24.0.RELEASE\plugins\org.eclipse.m2e.maven.runtime_3.9.700.20240602-2313\jars\plexus-build-api-0.0.7.jar
2026-04-28 22:36:30,786 [Worker-14: Launching Executing install in C__develop_Spring java_Alejandro-Agapito_kafka_curso-kafka] INFO  o.eclipse.m2e.core.internal.Bundles - 	Entry: C:\Users\adria\Desktop\devtools\sts-4.24.0.RELEASE\plugins\org.eclipse.m2e.maven.runtime_3.9.700.20240602-2313\jars\plexus-build-api-1.2.0.jar
2026-04-28 22:36:30,786 [Worker-14: Launching Executing install in C__develop_Spring java_Alejandro-Agapito_kafka_curso-kafka] INFO  o.eclipse.m2e.core.internal.Bundles - 	Entry: C:\Users\adria\Desktop\devtools\sts-4.24.0.RELEASE\plugins\org.eclipse.m2e.maven.runtime_3.9.700.20240602-2313\jars\plexus-cipher-2.0.jar
2026-04-28 22:36:30,786 [Worker-14: Launching Executing install in C__develop_Spring java_Alejandro-Agapito_kafka_curso-kafka] INFO  o.eclipse.m2e.core.internal.Bundles - 	Entry: C:\Users\adria\Desktop\devtools\sts-4.24.0.RELEASE\plugins\org.eclipse.m2e.maven.runtime_3.9.700.20240602-2313\jars\plexus-classworlds-2.8.0.jar
2026-04-28 22:36:30,787 [Worker-14: Launching Executing install in C__develop_Spring java_Alejandro-Agapito_kafka_curso-kafka] INFO  o.eclipse.m2e.core.internal.Bundles - 	Entry: C:\Users\adria\Desktop\devtools\sts-4.24.0.RELEASE\plugins\org.eclipse.m2e.maven.runtime_3.9.700.20240602-2313\jars\plexus-component-annotations-2.1.0.jar
2026-04-28 22:36:30,787 [Worker-14: Launching Executing install in C__develop_Spring java_Alejandro-Agapito_kafka_curso-kafka] INFO  o.eclipse.m2e.core.internal.Bundles - 	Entry: C:\Users\adria\Desktop\devtools\sts-4.24.0.RELEASE\plugins\org.eclipse.m2e.maven.runtime_3.9.700.20240602-2313\jars\plexus-interpolation-1.27.jar
2026-04-28 22:36:30,787 [Worker-14: Launching Executing install in C__develop_Spring java_Alejandro-Agapito_kafka_curso-kafka] INFO  o.eclipse.m2e.core.internal.Bundles - 	Entry: C:\Users\adria\Desktop\devtools\sts-4.24.0.RELEASE\plugins\org.eclipse.m2e.maven.runtime_3.9.700.20240602-2313\jars\plexus-sec-dispatcher-2.0.jar
2026-04-28 22:36:30,788 [Worker-14: Launching Executing install in C__develop_Spring java_Alejandro-Agapito_kafka_curso-kafka] INFO  o.eclipse.m2e.core.internal.Bundles - 	Entry: C:\Users\adria\Desktop\devtools\sts-4.24.0.RELEASE\plugins\org.eclipse.m2e.maven.runtime_3.9.700.20240602-2313\jars\plexus-utils-3.5.1.jar
2026-04-28 22:36:30,788 [Worker-14: Launching Executing install in C__develop_Spring java_Alejandro-Agapito_kafka_curso-kafka] INFO  o.eclipse.m2e.core.internal.Bundles - 	Entry: C:\Users\adria\Desktop\devtools\sts-4.24.0.RELEASE\plugins\org.eclipse.m2e.maven.runtime_3.9.700.20240602-2313\jars\wagon-file-3.5.3.jar
2026-04-28 22:36:30,789 [Worker-14: Launching Executing install in C__develop_Spring java_Alejandro-Agapito_kafka_curso-kafka] INFO  o.eclipse.m2e.core.internal.Bundles - 	Entry: C:\Users\adria\Desktop\devtools\sts-4.24.0.RELEASE\plugins\org.eclipse.m2e.maven.runtime_3.9.700.20240602-2313\jars\wagon-http-3.5.3.jar
2026-04-28 22:36:30,789 [Worker-14: Launching Executing install in C__develop_Spring java_Alejandro-Agapito_kafka_curso-kafka] INFO  o.eclipse.m2e.core.internal.Bundles - 	Entry: C:\Users\adria\Desktop\devtools\sts-4.24.0.RELEASE\plugins\org.eclipse.m2e.maven.runtime_3.9.700.20240602-2313\jars\wagon-http-shared-3.5.3.jar
2026-04-28 22:36:30,790 [Worker-14: Launching Executing install in C__develop_Spring java_Alejandro-Agapito_kafka_curso-kafka] INFO  o.eclipse.m2e.core.internal.Bundles - 	Entry: C:\Users\adria\Desktop\devtools\sts-4.24.0.RELEASE\plugins\org.eclipse.m2e.maven.runtime_3.9.700.20240602-2313\jars\wagon-provider-api-3.5.3.jar
2026-04-28 22:36:30,795 [Worker-14: Launching Executing install in C__develop_Spring java_Alejandro-Agapito_kafka_curso-kafka] INFO  o.eclipse.m2e.core.internal.Bundles - getClasspathEntries(Bundle=com.google.guava_33.2.0.jre [29])
2026-04-28 22:36:30,797 [Worker-14: Launching Executing install in C__develop_Spring java_Alejandro-Agapito_kafka_curso-kafka] INFO  o.eclipse.m2e.core.internal.Bundles - 	Entry: C:\Users\adria\Desktop\devtools\sts-4.24.0.RELEASE\plugins\com.google.guava_33.2.0.jre.jar
2026-04-28 22:36:30,797 [Worker-14: Launching Executing install in C__develop_Spring java_Alejandro-Agapito_kafka_curso-kafka] INFO  o.eclipse.m2e.core.internal.Bundles - getClasspathEntries(Bundle=slf4j.api_2.0.13 [592])
2026-04-28 22:36:30,798 [Worker-14: Launching Executing install in C__develop_Spring java_Alejandro-Agapito_kafka_curso-kafka] INFO  o.eclipse.m2e.core.internal.Bundles - 	Entry: C:\Users\adria\Desktop\devtools\sts-4.24.0.RELEASE\plugins\slf4j.api_2.0.13.jar
2026-04-28 22:36:30,798 [Worker-14: Launching Executing install in C__develop_Spring java_Alejandro-Agapito_kafka_curso-kafka] INFO  o.eclipse.m2e.core.internal.Bundles - getClasspathEntries(Bundle=jakarta.inject.jakarta.inject-api_1.0.5 [44])
2026-04-28 22:36:30,799 [Worker-14: Launching Executing install in C__develop_Spring java_Alejandro-Agapito_kafka_curso-kafka] INFO  o.eclipse.m2e.core.internal.Bundles - 	Entry: C:\Users\adria\Desktop\devtools\sts-4.24.0.RELEASE\plugins\jakarta.inject.jakarta.inject-api_1.0.5.jar
2026-04-28 22:36:30,800 [Worker-14: Launching Executing install in C__develop_Spring java_Alejandro-Agapito_kafka_curso-kafka] INFO  o.eclipse.m2e.core.internal.Bundles - getClasspathEntries(Bundle=javax.annotation_1.3.5.v20200909-1856 [53])
2026-04-28 22:36:30,800 [Worker-14: Launching Executing install in C__develop_Spring java_Alejandro-Agapito_kafka_curso-kafka] INFO  o.eclipse.m2e.core.internal.Bundles - 	Entry: C:\Users\adria\Desktop\devtools\sts-4.24.0.RELEASE\plugins\javax.annotation_1.3.5.v20200909-1856.jar
2026-04-28 22:36:30,801 [Worker-14: Launching Executing install in C__develop_Spring java_Alejandro-Agapito_kafka_curso-kafka] INFO  o.eclipse.m2e.core.internal.Bundles - getClasspathEntries(Bundle=org.apache.commons.cli_1.8.0 [76])
2026-04-28 22:36:30,802 [Worker-14: Launching Executing install in C__develop_Spring java_Alejandro-Agapito_kafka_curso-kafka] INFO  o.eclipse.m2e.core.internal.Bundles - 	Entry: C:\Users\adria\Desktop\devtools\sts-4.24.0.RELEASE\plugins\org.apache.commons.cli_1.8.0.jar
2026-04-28 22:36:30,802 [Worker-14: Launching Executing install in C__develop_Spring java_Alejandro-Agapito_kafka_curso-kafka] INFO  o.eclipse.m2e.core.internal.Bundles - getClasspathEntries(Bundle=org.apache.commons.commons-codec_1.16.0 [78])
2026-04-28 22:36:30,803 [Worker-14: Launching Executing install in C__develop_Spring java_Alejandro-Agapito_kafka_curso-kafka] INFO  o.eclipse.m2e.core.internal.Bundles - 	Entry: C:\Users\adria\Desktop\devtools\sts-4.24.0.RELEASE\plugins\org.apache.commons.commons-codec_1.16.0.jar
2026-04-28 22:36:30,803 [Worker-14: Launching Executing install in C__develop_Spring java_Alejandro-Agapito_kafka_curso-kafka] INFO  o.eclipse.m2e.core.internal.Bundles - getClasspathEntries(Bundle=org.apache.commons.lang3_3.14.0 [82])
2026-04-28 22:36:30,804 [Worker-14: Launching Executing install in C__develop_Spring java_Alejandro-Agapito_kafka_curso-kafka] INFO  o.eclipse.m2e.core.internal.Bundles - 	Entry: C:\Users\adria\Desktop\devtools\sts-4.24.0.RELEASE\plugins\org.apache.commons.lang3_3.14.0.jar
2026-04-28 22:36:30,804 [Worker-14: Launching Executing install in C__develop_Spring java_Alejandro-Agapito_kafka_curso-kafka] INFO  o.eclipse.m2e.core.internal.Bundles - getClasspathEntries(Bundle=com.google.guava.failureaccess_1.0.2 [30])
2026-04-28 22:36:30,805 [Worker-14: Launching Executing install in C__develop_Spring java_Alejandro-Agapito_kafka_curso-kafka] INFO  o.eclipse.m2e.core.internal.Bundles - 	Entry: C:\Users\adria\Desktop\devtools\sts-4.24.0.RELEASE\plugins\com.google.guava.failureaccess_1.0.2.jar
2026-04-28 22:36:30,823 [Worker-14: Launching Executing install in C__develop_Spring java_Alejandro-Agapito_kafka_curso-kafka] INFO  o.e.m.i.launch.MavenLaunchDelegate - Run build in "C:\develop\Spring java\Alejandro-Agapito\kafka\curso-kafka":
2026-04-28 22:36:30,834 [Worker-14: Launching Executing install in C__develop_Spring java_Alejandro-Agapito_kafka_curso-kafka] INFO  o.e.m.i.launch.MavenLaunchDelegate -  mvn  -B -Dstyle.color=always install
2026-04-28 22:36:35,107 [Worker-12: Building] WARN  o.a.m.s.f.DefaultMavenResourcesFiltering - Using platform encoding (UTF-8 actually) to copy filtered resources, i.e. build is platform dependent!
2026-04-28 22:36:35,109 [Worker-12: Building] INFO  o.a.m.s.f.DefaultMavenResourcesFiltering - Copying 0 resource from src\main\resources to target\classes
2026-04-28 22:36:35,115 [Worker-12: Building] WARN  o.a.m.s.f.DefaultMavenResourcesFiltering - Using platform encoding (UTF-8 actually) to copy filtered resources, i.e. build is platform dependent!
2026-04-28 22:36:35,118 [Worker-12: Building] INFO  o.a.m.s.f.DefaultMavenResourcesFiltering - Copying 0 resource from src\test\resources to target\test-classes
2026-04-28 22:44:01,628 [Worker-13: Building] INFO  o.e.m.c.i.l.LifecycleMappingFactory - Using org.eclipse.m2e.jdt.JarLifecycleMapping lifecycle mapping for MavenProject: com.dev4j.kafka:curso-kafka:0.0.1-SNAPSHOT @ C:\develop\Spring java\Alejandro-Agapito\kafka\curso-kafka\pom.xml.
2026-04-28 22:44:01,893 [Worker-13: Building] WARN  o.a.m.s.f.DefaultMavenResourcesFiltering - Using platform encoding (UTF-8 actually) to copy filtered resources, i.e. build is platform dependent!
2026-04-28 22:44:01,897 [Worker-13: Building] INFO  o.a.m.s.f.DefaultMavenResourcesFiltering - Copying 0 resource from src\main\resources to target\classes
2026-04-28 22:44:01,902 [Worker-13: Building] WARN  o.a.m.s.f.DefaultMavenResourcesFiltering - Using platform encoding (UTF-8 actually) to copy filtered resources, i.e. build is platform dependent!
2026-04-28 22:44:01,904 [Worker-13: Building] INFO  o.a.m.s.f.DefaultMavenResourcesFiltering - Copying 0 resource from src\test\resources to target\test-classes
2026-04-28 22:44:02,462 [Worker-18: Updating Maven Project] INFO  o.e.m.c.i.p.ProjectConfigurationManager - Update started
2026-04-28 22:44:02,751 [Worker-18: Updating Maven Project] INFO  o.e.m.c.i.l.LifecycleMappingFactory - Using org.eclipse.m2e.jdt.JarLifecycleMapping lifecycle mapping for MavenProject: com.dev4j.kafka:curso-kafka:0.0.1-SNAPSHOT @ C:\develop\Spring java\Alejandro-Agapito\kafka\curso-kafka\pom.xml.
2026-04-28 22:44:02,923 [Worker-18: Updating Maven Project] INFO  o.e.m.j.i.AbstractJavaProjectConfigurator - Adding source folder /curso-kafka/src/main/java
2026-04-28 22:44:02,924 [Worker-18: Updating Maven Project] INFO  o.e.m.j.i.AbstractJavaProjectConfigurator - Adding resource folder /curso-kafka/src/main/resources
2026-04-28 22:44:02,925 [Worker-18: Updating Maven Project] INFO  o.e.m.j.i.AbstractJavaProjectConfigurator - Adding source folder /curso-kafka/src/test/java
2026-04-28 22:44:02,926 [Worker-18: Updating Maven Project] INFO  o.e.m.j.i.AbstractJavaProjectConfigurator - Adding resource folder /curso-kafka/src/test/resources
2026-04-28 22:44:03,037 [Worker-18: Updating Maven Project] INFO  o.e.m.c.i.p.ProjectConfigurationManager - Update completed for 1 poms: local refresh takes 0.00 sec, refresh facades takes 0.00 sec, update config takes 0.00 sec 
2026-04-28 22:44:03,494 [Worker-19: Building] WARN  o.a.m.s.f.DefaultMavenResourcesFiltering - Using platform encoding (UTF-8 actually) to copy filtered resources, i.e. build is platform dependent!
2026-04-28 22:44:03,495 [Worker-19: Building] INFO  o.a.m.s.f.DefaultMavenResourcesFiltering - Copying 0 resource from src\main\resources to target\classes
2026-04-28 22:44:03,500 [Worker-19: Building] WARN  o.a.m.s.f.DefaultMavenResourcesFiltering - Using platform encoding (UTF-8 actually) to copy filtered resources, i.e. build is platform dependent!
2026-04-28 22:44:03,501 [Worker-19: Building] INFO  o.a.m.s.f.DefaultMavenResourcesFiltering - Copying 0 resource from src\test\resources to target\test-classes
2026-04-28 22:44:12,284 [Worker-6: Building] INFO  o.e.m.c.i.l.LifecycleMappingFactory - Using org.eclipse.m2e.jdt.JarLifecycleMapping lifecycle mapping for MavenProject: com.dev4j.kafka:curso-kafka:0.0.1-SNAPSHOT @ C:\develop\Spring java\Alejandro-Agapito\kafka\curso-kafka\pom.xml.
2026-04-28 22:44:12,414 [Worker-6: Building] WARN  o.a.m.s.f.DefaultMavenResourcesFiltering - Using platform encoding (UTF-8 actually) to copy filtered resources, i.e. build is platform dependent!
2026-04-28 22:44:12,418 [Worker-6: Building] INFO  o.a.m.s.f.DefaultMavenResourcesFiltering - Copying 0 resource from src\main\resources to target\classes
2026-04-28 22:44:12,423 [Worker-6: Building] WARN  o.a.m.s.f.DefaultMavenResourcesFiltering - Using platform encoding (UTF-8 actually) to copy filtered resources, i.e. build is platform dependent!
2026-04-28 22:44:12,425 [Worker-6: Building] INFO  o.a.m.s.f.DefaultMavenResourcesFiltering - Copying 0 resource from src\test\resources to target\test-classes
2026-04-28 22:44:54,329 [Worker-20: Updating Maven Project] INFO  o.e.m.c.i.p.ProjectConfigurationManager - Update started
2026-04-28 22:44:54,609 [Worker-20: Updating Maven Project] INFO  o.e.m.c.i.l.LifecycleMappingFactory - Using org.eclipse.m2e.jdt.JarLifecycleMapping lifecycle mapping for MavenProject: com.dev4j.kafka:curso-kafka:0.0.1-SNAPSHOT @ C:\develop\Spring java\Alejandro-Agapito\kafka\curso-kafka\pom.xml.
2026-04-28 22:44:54,752 [Worker-20: Updating Maven Project] INFO  o.e.m.j.i.AbstractJavaProjectConfigurator - Adding source folder /curso-kafka/src/main/java
2026-04-28 22:44:54,753 [Worker-20: Updating Maven Project] INFO  o.e.m.j.i.AbstractJavaProjectConfigurator - Adding resource folder /curso-kafka/src/main/resources
2026-04-28 22:44:54,753 [Worker-20: Updating Maven Project] INFO  o.e.m.j.i.AbstractJavaProjectConfigurator - Adding source folder /curso-kafka/src/test/java
2026-04-28 22:44:54,754 [Worker-20: Updating Maven Project] INFO  o.e.m.j.i.AbstractJavaProjectConfigurator - Adding resource folder /curso-kafka/src/test/resources
2026-04-28 22:44:54,847 [Worker-20: Updating Maven Project] INFO  o.e.m.c.i.p.ProjectConfigurationManager - Update completed for 1 poms: local refresh takes 0.00 sec, refresh facades takes 0.00 sec, update config takes 0.00 sec 
2026-04-28 22:44:54,967 [Worker-21: Building] WARN  o.a.m.s.f.DefaultMavenResourcesFiltering - Using platform encoding (UTF-8 actually) to copy filtered resources, i.e. build is platform dependent!
2026-04-28 22:44:54,968 [Worker-21: Building] INFO  o.a.m.s.f.DefaultMavenResourcesFiltering - Copying 0 resource from src\main\resources to target\classes
2026-04-28 22:44:54,971 [Worker-21: Building] WARN  o.a.m.s.f.DefaultMavenResourcesFiltering - Using platform encoding (UTF-8 actually) to copy filtered resources, i.e. build is platform dependent!
2026-04-28 22:44:54,973 [Worker-21: Building] INFO  o.a.m.s.f.DefaultMavenResourcesFiltering - Copying 0 resource from src\test\resources to target\test-classes
2026-04-28 22:45:57,594 [Worker-22: Building] INFO  o.e.m.c.i.l.LifecycleMappingFactory - Using org.eclipse.m2e.jdt.JarLifecycleMapping lifecycle mapping for MavenProject: com.dev4j.kafka:curso-kafka:0.0.1-SNAPSHOT @ C:\develop\Spring java\Alejandro-Agapito\kafka\curso-kafka\pom.xml.
2026-04-28 22:45:57,861 [Worker-22: Building] INFO  o.e.m.c.i.e.AbstractTransferListenerAdapter - Downloading https://repo.maven.apache.org/maven2/org/apache/kafka/kafka-clients/2.3.0/kafka-clients-2.3.0.pom
2026-04-28 22:45:57,877 [Worker-22: Building] INFO  o.e.m.c.i.e.AbstractTransferListenerAdapter - Downloaded https://repo.maven.apache.org/maven2/org/apache/kafka/kafka-clients/2.3.0/kafka-clients-2.3.0.pom
2026-04-28 22:45:57,913 [Worker-22: Building] INFO  o.e.m.c.i.e.AbstractTransferListenerAdapter - Downloading https://repo.maven.apache.org/maven2/com/github/luben/zstd-jni/1.4.0-1/zstd-jni-1.4.0-1.pom
2026-04-28 22:45:57,921 [Worker-22: Building] INFO  o.e.m.c.i.e.AbstractTransferListenerAdapter - Downloaded https://repo.maven.apache.org/maven2/com/github/luben/zstd-jni/1.4.0-1/zstd-jni-1.4.0-1.pom
2026-04-28 22:45:57,953 [Worker-22: Building] INFO  o.e.m.c.i.e.AbstractTransferListenerAdapter - Downloading https://repo.maven.apache.org/maven2/org/lz4/lz4-java/1.6.0/lz4-java-1.6.0.pom
2026-04-28 22:45:57,969 [Worker-22: Building] INFO  o.e.m.c.i.e.AbstractTransferListenerAdapter - Downloaded https://repo.maven.apache.org/maven2/org/lz4/lz4-java/1.6.0/lz4-java-1.6.0.pom
2026-04-28 22:45:58,005 [Worker-22: Building] INFO  o.e.m.c.i.e.AbstractTransferListenerAdapter - Downloading https://repo.maven.apache.org/maven2/org/xerial/snappy/snappy-java/1.1.7.3/snappy-java-1.1.7.3.pom
2026-04-28 22:45:58,013 [Worker-22: Building] INFO  o.e.m.c.i.e.AbstractTransferListenerAdapter - Downloaded https://repo.maven.apache.org/maven2/org/xerial/snappy/snappy-java/1.1.7.3/snappy-java-1.1.7.3.pom
2026-04-28 22:45:58,047 [Worker-22: Building] INFO  o.e.m.c.i.e.AbstractTransferListenerAdapter - Downloading https://repo.maven.apache.org/maven2/org/slf4j/slf4j-api/1.7.26/slf4j-api-1.7.26.pom
2026-04-28 22:45:58,052 [Worker-22: Building] INFO  o.e.m.c.i.e.AbstractTransferListenerAdapter - Downloaded https://repo.maven.apache.org/maven2/org/slf4j/slf4j-api/1.7.26/slf4j-api-1.7.26.pom
2026-04-28 22:45:58,091 [Worker-22: Building] INFO  o.e.m.c.i.e.AbstractTransferListenerAdapter - Downloading https://repo.maven.apache.org/maven2/org/slf4j/slf4j-parent/1.7.26/slf4j-parent-1.7.26.pom
2026-04-28 22:45:58,103 [Worker-22: Building] INFO  o.e.m.c.i.e.AbstractTransferListenerAdapter - Downloaded https://repo.maven.apache.org/maven2/org/slf4j/slf4j-parent/1.7.26/slf4j-parent-1.7.26.pom
2026-04-28 22:45:58,202 [Worker-22: Building] INFO  o.e.m.c.i.e.AbstractTransferListenerAdapter - Downloading https://repo.maven.apache.org/maven2/org/slf4j/slf4j-simple/1.6.1/slf4j-simple-1.6.1.pom
2026-04-28 22:45:58,213 [Worker-22: Building] INFO  o.e.m.c.i.e.AbstractTransferListenerAdapter - Downloaded https://repo.maven.apache.org/maven2/org/slf4j/slf4j-simple/1.6.1/slf4j-simple-1.6.1.pom
2026-04-28 22:45:58,324 [Worker-22: Building] INFO  o.e.m.c.i.e.AbstractTransferListenerAdapter - Downloading https://repo.maven.apache.org/maven2/org/slf4j/slf4j-parent/1.6.1/slf4j-parent-1.6.1.pom
2026-04-28 22:45:58,339 [Worker-22: Building] INFO  o.e.m.c.i.e.AbstractTransferListenerAdapter - Downloaded https://repo.maven.apache.org/maven2/org/slf4j/slf4j-parent/1.6.1/slf4j-parent-1.6.1.pom
2026-04-28 22:45:58,451 [Worker-22: Building] INFO  o.e.m.c.i.e.AbstractTransferListenerAdapter - Downloading https://repo.maven.apache.org/maven2/org/slf4j/slf4j-api/1.6.1/slf4j-api-1.6.1.pom
2026-04-28 22:45:58,458 [Worker-22: Building] INFO  o.e.m.c.i.e.AbstractTransferListenerAdapter - Downloaded https://repo.maven.apache.org/maven2/org/slf4j/slf4j-api/1.6.1/slf4j-api-1.6.1.pom
2026-04-28 22:45:58,577 [Worker-22: Building] INFO  o.e.m.c.i.e.AbstractTransferListenerAdapter - Downloading https://repo.maven.apache.org/maven2/org/apache/kafka/kafka-clients/2.3.0/kafka-clients-2.3.0.jar
2026-04-28 22:45:58,779 [Worker-22: Building] INFO  o.e.m.c.i.e.AbstractTransferListenerAdapter - Downloaded https://repo.maven.apache.org/maven2/org/apache/kafka/kafka-clients/2.3.0/kafka-clients-2.3.0.jar
2026-04-28 22:45:58,912 [BasicRepositoryConnector-repo.maven.apache.org-0-3] INFO  o.e.m.c.i.e.AbstractTransferListenerAdapter - Downloading https://repo.maven.apache.org/maven2/org/slf4j/slf4j-api/1.7.26/slf4j-api-1.7.26.jar
2026-04-28 22:45:58,916 [BasicRepositoryConnector-repo.maven.apache.org-0-0] INFO  o.e.m.c.i.e.AbstractTransferListenerAdapter - Downloading https://repo.maven.apache.org/maven2/com/github/luben/zstd-jni/1.4.0-1/zstd-jni-1.4.0-1.jar
2026-04-28 22:45:58,924 [BasicRepositoryConnector-repo.maven.apache.org-0-4] INFO  o.e.m.c.i.e.AbstractTransferListenerAdapter - Downloading https://repo.maven.apache.org/maven2/org/slf4j/slf4j-simple/1.6.1/slf4j-simple-1.6.1.jar
2026-04-28 22:45:58,929 [BasicRepositoryConnector-repo.maven.apache.org-0-1] INFO  o.e.m.c.i.e.AbstractTransferListenerAdapter - Downloading https://repo.maven.apache.org/maven2/org/lz4/lz4-java/1.6.0/lz4-java-1.6.0.jar
2026-04-28 22:45:58,929 [BasicRepositoryConnector-repo.maven.apache.org-0-3] INFO  o.e.m.c.i.e.AbstractTransferListenerAdapter - Downloaded https://repo.maven.apache.org/maven2/org/slf4j/slf4j-api/1.7.26/slf4j-api-1.7.26.jar
2026-04-28 22:45:58,936 [BasicRepositoryConnector-repo.maven.apache.org-0-4] INFO  o.e.m.c.i.e.AbstractTransferListenerAdapter - Downloaded https://repo.maven.apache.org/maven2/org/slf4j/slf4j-simple/1.6.1/slf4j-simple-1.6.1.jar
2026-04-28 22:45:58,951 [BasicRepositoryConnector-repo.maven.apache.org-0-2] INFO  o.e.m.c.i.e.AbstractTransferListenerAdapter - Downloading https://repo.maven.apache.org/maven2/org/xerial/snappy/snappy-java/1.1.7.3/snappy-java-1.1.7.3.jar
2026-04-28 22:45:59,100 [BasicRepositoryConnector-repo.maven.apache.org-0-1] INFO  o.e.m.c.i.e.AbstractTransferListenerAdapter - Downloaded https://repo.maven.apache.org/maven2/org/lz4/lz4-java/1.6.0/lz4-java-1.6.0.jar
2026-04-28 22:45:59,149 [BasicRepositoryConnector-repo.maven.apache.org-0-2] INFO  o.e.m.c.i.e.AbstractTransferListenerAdapter - Downloaded https://repo.maven.apache.org/maven2/org/xerial/snappy/snappy-java/1.1.7.3/snappy-java-1.1.7.3.jar
2026-04-28 22:45:59,718 [BasicRepositoryConnector-repo.maven.apache.org-0-0] INFO  o.e.m.c.i.e.AbstractTransferListenerAdapter - Downloaded https://repo.maven.apache.org/maven2/com/github/luben/zstd-jni/1.4.0-1/zstd-jni-1.4.0-1.jar
2026-04-28 22:45:59,875 [Worker-22: Building] WARN  o.a.m.s.f.DefaultMavenResourcesFiltering - Using platform encoding (UTF-8 actually) to copy filtered resources, i.e. build is platform dependent!
2026-04-28 22:45:59,878 [Worker-22: Building] INFO  o.a.m.s.f.DefaultMavenResourcesFiltering - Copying 0 resource from src\main\resources to target\classes
2026-04-28 22:45:59,881 [Worker-22: Building] WARN  o.a.m.s.f.DefaultMavenResourcesFiltering - Using platform encoding (UTF-8 actually) to copy filtered resources, i.e. build is platform dependent!
2026-04-28 22:45:59,882 [Worker-22: Building] INFO  o.a.m.s.f.DefaultMavenResourcesFiltering - Copying 0 resource from src\test\resources to target\test-classes
2026-04-28 22:46:00,915 [Worker-22: Download sources and javadoc] INFO  o.e.m.c.i.e.AbstractTransferListenerAdapter - Downloading https://repo.maven.apache.org/maven2/org/apache/kafka/kafka-clients/2.3.0/kafka-clients-2.3.0-sources.jar
2026-04-28 22:46:01,002 [Worker-22: Download sources and javadoc] INFO  o.e.m.c.i.e.AbstractTransferListenerAdapter - Downloaded https://repo.maven.apache.org/maven2/org/apache/kafka/kafka-clients/2.3.0/kafka-clients-2.3.0-sources.jar
2026-04-28 22:46:01,011 [Worker-22: Download sources and javadoc] INFO  o.e.m.j.internal.DownloadSourcesJob - Downloaded sources for org.apache.kafka:kafka-clients:2.3.0
2026-04-28 22:46:01,151 [Worker-22: Download sources and javadoc] INFO  o.e.m.c.i.e.AbstractTransferListenerAdapter - Downloading https://repo.maven.apache.org/maven2/com/github/luben/zstd-jni/1.4.0-1/zstd-jni-1.4.0-1-sources.jar
2026-04-28 22:46:01,162 [Worker-22: Download sources and javadoc] INFO  o.e.m.c.i.e.AbstractTransferListenerAdapter - Downloaded https://repo.maven.apache.org/maven2/com/github/luben/zstd-jni/1.4.0-1/zstd-jni-1.4.0-1-sources.jar
2026-04-28 22:46:01,167 [Worker-22: Download sources and javadoc] INFO  o.e.m.j.internal.DownloadSourcesJob - Downloaded sources for com.github.luben:zstd-jni:1.4.0-1
2026-04-28 22:46:01,309 [Worker-22: Download sources and javadoc] INFO  o.e.m.c.i.e.AbstractTransferListenerAdapter - Downloading https://repo.maven.apache.org/maven2/org/lz4/lz4-java/1.6.0/lz4-java-1.6.0-sources.jar
2026-04-28 22:46:01,311 [Worker-6: Building] WARN  o.a.m.s.f.DefaultMavenResourcesFiltering - Using platform encoding (UTF-8 actually) to copy filtered resources, i.e. build is platform dependent!
2026-04-28 22:46:01,312 [Worker-6: Building] INFO  o.a.m.s.f.DefaultMavenResourcesFiltering - Copying 0 resource from src\main\resources to target\classes
2026-04-28 22:46:01,315 [Worker-6: Building] WARN  o.a.m.s.f.DefaultMavenResourcesFiltering - Using platform encoding (UTF-8 actually) to copy filtered resources, i.e. build is platform dependent!
2026-04-28 22:46:01,317 [Worker-6: Building] INFO  o.a.m.s.f.DefaultMavenResourcesFiltering - Copying 0 resource from src\test\resources to target\test-classes
2026-04-28 22:46:01,321 [Worker-22: Download sources and javadoc] INFO  o.e.m.c.i.e.AbstractTransferListenerAdapter - Downloaded https://repo.maven.apache.org/maven2/org/lz4/lz4-java/1.6.0/lz4-java-1.6.0-sources.jar
2026-04-28 22:46:01,330 [Worker-22: Download sources and javadoc] INFO  o.e.m.j.internal.DownloadSourcesJob - Downloaded sources for org.lz4:lz4-java:1.6.0
2026-04-28 22:46:01,456 [Worker-22: Download sources and javadoc] INFO  o.e.m.c.i.e.AbstractTransferListenerAdapter - Downloading https://repo.maven.apache.org/maven2/org/xerial/snappy/snappy-java/1.1.7.3/snappy-java-1.1.7.3-sources.jar
2026-04-28 22:46:01,557 [Worker-22: Download sources and javadoc] INFO  o.e.m.c.i.e.AbstractTransferListenerAdapter - Downloaded https://repo.maven.apache.org/maven2/org/xerial/snappy/snappy-java/1.1.7.3/snappy-java-1.1.7.3-sources.jar
2026-04-28 22:46:01,562 [Worker-22: Download sources and javadoc] INFO  o.e.m.j.internal.DownloadSourcesJob - Downloaded sources for org.xerial.snappy:snappy-java:1.1.7.3
2026-04-28 22:46:01,707 [Worker-22: Download sources and javadoc] INFO  o.e.m.c.i.e.AbstractTransferListenerAdapter - Downloading https://repo.maven.apache.org/maven2/org/slf4j/slf4j-api/1.7.26/slf4j-api-1.7.26-sources.jar
2026-04-28 22:46:01,717 [Worker-22: Download sources and javadoc] INFO  o.e.m.c.i.e.AbstractTransferListenerAdapter - Downloaded https://repo.maven.apache.org/maven2/org/slf4j/slf4j-api/1.7.26/slf4j-api-1.7.26-sources.jar
2026-04-28 22:46:01,721 [Worker-22: Download sources and javadoc] INFO  o.e.m.j.internal.DownloadSourcesJob - Downloaded sources for org.slf4j:slf4j-api:1.7.26
2026-04-28 22:46:01,858 [Worker-22: Download sources and javadoc] INFO  o.e.m.c.i.e.AbstractTransferListenerAdapter - Downloading https://repo.maven.apache.org/maven2/org/slf4j/slf4j-simple/1.6.1/slf4j-simple-1.6.1-sources.jar
2026-04-28 22:46:01,870 [Worker-22: Download sources and javadoc] INFO  o.e.m.c.i.e.AbstractTransferListenerAdapter - Downloaded https://repo.maven.apache.org/maven2/org/slf4j/slf4j-simple/1.6.1/slf4j-simple-1.6.1-sources.jar
2026-04-28 22:46:01,873 [Worker-22: Download sources and javadoc] INFO  o.e.m.j.internal.DownloadSourcesJob - Downloaded sources for org.slf4j:slf4j-simple:1.6.1
2026-04-28 22:46:07,562 [Worker-25: Building] INFO  o.e.m.c.i.l.LifecycleMappingFactory - Using org.eclipse.m2e.jdt.JarLifecycleMapping lifecycle mapping for MavenProject: com.dev4j.kafka:curso-kafka:0.0.1-SNAPSHOT @ C:\develop\Spring java\Alejandro-Agapito\kafka\curso-kafka\pom.xml.
2026-04-28 22:46:07,729 [Worker-25: Building] WARN  o.a.m.s.f.DefaultMavenResourcesFiltering - Using platform encoding (UTF-8 actually) to copy filtered resources, i.e. build is platform dependent!
2026-04-28 22:46:07,732 [Worker-25: Building] INFO  o.a.m.s.f.DefaultMavenResourcesFiltering - Copying 0 resource from src\main\resources to target\classes
2026-04-28 22:46:07,736 [Worker-25: Building] WARN  o.a.m.s.f.DefaultMavenResourcesFiltering - Using platform encoding (UTF-8 actually) to copy filtered resources, i.e. build is platform dependent!
2026-04-28 22:46:07,738 [Worker-25: Building] INFO  o.a.m.s.f.DefaultMavenResourcesFiltering - Copying 0 resource from src\test\resources to target\test-classes
2026-04-28 22:48:12,408 [Worker-19: Launching Executing install in C__develop_Spring java_Alejandro-Agapito_kafka_curso-kafka] INFO  o.eclipse.m2e.core.internal.Bundles - getClasspathEntries(Bundle=org.eclipse.m2e.maven.runtime_3.9.700.20240602-2313 [359])
2026-04-28 22:48:12,411 [Worker-19: Launching Executing install in C__develop_Spring java_Alejandro-Agapito_kafka_curso-kafka] INFO  o.eclipse.m2e.core.internal.Bundles - 	Entry: C:\Users\adria\Desktop\devtools\sts-4.24.0.RELEASE\plugins\org.eclipse.m2e.maven.runtime_3.9.700.20240602-2313
2026-04-28 22:48:12,412 [Worker-19: Launching Executing install in C__develop_Spring java_Alejandro-Agapito_kafka_curso-kafka] INFO  o.eclipse.m2e.core.internal.Bundles - 	Entry: C:\Users\adria\Desktop\devtools\sts-4.24.0.RELEASE\plugins\org.eclipse.m2e.maven.runtime_3.9.700.20240602-2313\jars\aopalliance-1.0.jar
2026-04-28 22:48:12,413 [Worker-19: Launching Executing install in C__develop_Spring java_Alejandro-Agapito_kafka_curso-kafka] INFO  o.eclipse.m2e.core.internal.Bundles - 	Entry: C:\Users\adria\Desktop\devtools\sts-4.24.0.RELEASE\plugins\org.eclipse.m2e.maven.runtime_3.9.700.20240602-2313\jars\guice-5.1.0.jar
2026-04-28 22:48:12,413 [Worker-19: Launching Executing install in C__develop_Spring java_Alejandro-Agapito_kafka_curso-kafka] INFO  o.eclipse.m2e.core.internal.Bundles - 	Entry: C:\Users\adria\Desktop\devtools\sts-4.24.0.RELEASE\plugins\org.eclipse.m2e.maven.runtime_3.9.700.20240602-2313\jars\httpclient-4.5.14.jar
2026-04-28 22:48:12,414 [Worker-19: Launching Executing install in C__develop_Spring java_Alejandro-Agapito_kafka_curso-kafka] INFO  o.eclipse.m2e.core.internal.Bundles - 	Entry: C:\Users\adria\Desktop\devtools\sts-4.24.0.RELEASE\plugins\org.eclipse.m2e.maven.runtime_3.9.700.20240602-2313\jars\httpcore-4.4.16.jar
2026-04-28 22:48:12,414 [Worker-19: Launching Executing install in C__develop_Spring java_Alejandro-Agapito_kafka_curso-kafka] INFO  o.eclipse.m2e.core.internal.Bundles - 	Entry: C:\Users\adria\Desktop\devtools\sts-4.24.0.RELEASE\plugins\org.eclipse.m2e.maven.runtime_3.9.700.20240602-2313\jars\jansi-2.4.1.jar
2026-04-28 22:48:12,414 [Worker-19: Launching Executing install in C__develop_Spring java_Alejandro-Agapito_kafka_curso-kafka] INFO  o.eclipse.m2e.core.internal.Bundles - 	Entry: C:\Users\adria\Desktop\devtools\sts-4.24.0.RELEASE\plugins\org.eclipse.m2e.maven.runtime_3.9.700.20240602-2313\jars\jcl-over-slf4j-1.7.36.jar
2026-04-28 22:48:12,414 [Worker-19: Launching Executing install in C__develop_Spring java_Alejandro-Agapito_kafka_curso-kafka] INFO  o.eclipse.m2e.core.internal.Bundles - 	Entry: C:\Users\adria\Desktop\devtools\sts-4.24.0.RELEASE\plugins\org.eclipse.m2e.maven.runtime_3.9.700.20240602-2313\jars\maven-artifact-3.9.7.jar
2026-04-28 22:48:12,415 [Worker-19: Launching Executing install in C__develop_Spring java_Alejandro-Agapito_kafka_curso-kafka] INFO  o.eclipse.m2e.core.internal.Bundles - 	Entry: C:\Users\adria\Desktop\devtools\sts-4.24.0.RELEASE\plugins\org.eclipse.m2e.maven.runtime_3.9.700.20240602-2313\jars\maven-builder-support-3.9.7.jar
2026-04-28 22:48:12,415 [Worker-19: Launching Executing install in C__develop_Spring java_Alejandro-Agapito_kafka_curso-kafka] INFO  o.eclipse.m2e.core.internal.Bundles - 	Entry: C:\Users\adria\Desktop\devtools\sts-4.24.0.RELEASE\plugins\org.eclipse.m2e.maven.runtime_3.9.700.20240602-2313\jars\maven-compat-3.9.7.jar
2026-04-28 22:48:12,415 [Worker-19: Launching Executing install in C__develop_Spring java_Alejandro-Agapito_kafka_curso-kafka] INFO  o.eclipse.m2e.core.internal.Bundles - 	Entry: C:\Users\adria\Desktop\devtools\sts-4.24.0.RELEASE\plugins\org.eclipse.m2e.maven.runtime_3.9.700.20240602-2313\jars\maven-core-3.9.7.jar
2026-04-28 22:48:12,416 [Worker-19: Launching Executing install in C__develop_Spring java_Alejandro-Agapito_kafka_curso-kafka] INFO  o.eclipse.m2e.core.internal.Bundles - 	Entry: C:\Users\adria\Desktop\devtools\sts-4.24.0.RELEASE\plugins\org.eclipse.m2e.maven.runtime_3.9.700.20240602-2313\jars\maven-embedder-3.9.7.jar
2026-04-28 22:48:12,416 [Worker-19: Launching Executing install in C__develop_Spring java_Alejandro-Agapito_kafka_curso-kafka] INFO  o.eclipse.m2e.core.internal.Bundles - 	Entry: C:\Users\adria\Desktop\devtools\sts-4.24.0.RELEASE\plugins\org.eclipse.m2e.maven.runtime_3.9.700.20240602-2313\jars\maven-model-3.9.7.jar
2026-04-28 22:48:12,416 [Worker-19: Launching Executing install in C__develop_Spring java_Alejandro-Agapito_kafka_curso-kafka] INFO  o.eclipse.m2e.core.internal.Bundles - 	Entry: C:\Users\adria\Desktop\devtools\sts-4.24.0.RELEASE\plugins\org.eclipse.m2e.maven.runtime_3.9.700.20240602-2313\jars\maven-model-builder-3.9.7.jar
2026-04-28 22:48:12,416 [Worker-19: Launching Executing install in C__develop_Spring java_Alejandro-Agapito_kafka_curso-kafka] INFO  o.eclipse.m2e.core.internal.Bundles - 	Entry: C:\Users\adria\Desktop\devtools\sts-4.24.0.RELEASE\plugins\org.eclipse.m2e.maven.runtime_3.9.700.20240602-2313\jars\maven-plugin-api-3.9.7.jar
2026-04-28 22:48:12,417 [Worker-19: Launching Executing install in C__develop_Spring java_Alejandro-Agapito_kafka_curso-kafka] INFO  o.eclipse.m2e.core.internal.Bundles - 	Entry: C:\Users\adria\Desktop\devtools\sts-4.24.0.RELEASE\plugins\org.eclipse.m2e.maven.runtime_3.9.700.20240602-2313\jars\maven-repository-metadata-3.9.7.jar
2026-04-28 22:48:12,417 [Worker-19: Launching Executing install in C__develop_Spring java_Alejandro-Agapito_kafka_curso-kafka] INFO  o.eclipse.m2e.core.internal.Bundles - 	Entry: C:\Users\adria\Desktop\devtools\sts-4.24.0.RELEASE\plugins\org.eclipse.m2e.maven.runtime_3.9.700.20240602-2313\jars\maven-resolver-api-1.9.20.jar
2026-04-28 22:48:12,417 [Worker-19: Launching Executing install in C__develop_Spring java_Alejandro-Agapito_kafka_curso-kafka] INFO  o.eclipse.m2e.core.internal.Bundles - 	Entry: C:\Users\adria\Desktop\devtools\sts-4.24.0.RELEASE\plugins\org.eclipse.m2e.maven.runtime_3.9.700.20240602-2313\jars\maven-resolver-connector-basic-1.9.20.jar
2026-04-28 22:48:12,418 [Worker-19: Launching Executing install in C__develop_Spring java_Alejandro-Agapito_kafka_curso-kafka] INFO  o.eclipse.m2e.core.internal.Bundles - 	Entry: C:\Users\adria\Desktop\devtools\sts-4.24.0.RELEASE\plugins\org.eclipse.m2e.maven.runtime_3.9.700.20240602-2313\jars\maven-resolver-impl-1.9.20.jar
2026-04-28 22:48:12,418 [Worker-19: Launching Executing install in C__develop_Spring java_Alejandro-Agapito_kafka_curso-kafka] INFO  o.eclipse.m2e.core.internal.Bundles - 	Entry: C:\Users\adria\Desktop\devtools\sts-4.24.0.RELEASE\plugins\org.eclipse.m2e.maven.runtime_3.9.700.20240602-2313\jars\maven-resolver-named-locks-1.9.20.jar
2026-04-28 22:48:12,418 [Worker-19: Launching Executing install in C__develop_Spring java_Alejandro-Agapito_kafka_curso-kafka] INFO  o.eclipse.m2e.core.internal.Bundles - 	Entry: C:\Users\adria\Desktop\devtools\sts-4.24.0.RELEASE\plugins\org.eclipse.m2e.maven.runtime_3.9.700.20240602-2313\jars\maven-resolver-provider-3.9.7.jar
2026-04-28 22:48:12,419 [Worker-19: Launching Executing install in C__develop_Spring java_Alejandro-Agapito_kafka_curso-kafka] INFO  o.eclipse.m2e.core.internal.Bundles - 	Entry: C:\Users\adria\Desktop\devtools\sts-4.24.0.RELEASE\plugins\org.eclipse.m2e.maven.runtime_3.9.700.20240602-2313\jars\maven-resolver-spi-1.9.20.jar
2026-04-28 22:48:12,419 [Worker-19: Launching Executing install in C__develop_Spring java_Alejandro-Agapito_kafka_curso-kafka] INFO  o.eclipse.m2e.core.internal.Bundles - 	Entry: C:\Users\adria\Desktop\devtools\sts-4.24.0.RELEASE\plugins\org.eclipse.m2e.maven.runtime_3.9.700.20240602-2313\jars\maven-resolver-transport-file-1.9.20.jar
2026-04-28 22:48:12,419 [Worker-19: Launching Executing install in C__develop_Spring java_Alejandro-Agapito_kafka_curso-kafka] INFO  o.eclipse.m2e.core.internal.Bundles - 	Entry: C:\Users\adria\Desktop\devtools\sts-4.24.0.RELEASE\plugins\org.eclipse.m2e.maven.runtime_3.9.700.20240602-2313\jars\maven-resolver-transport-http-1.9.20.jar
2026-04-28 22:48:12,419 [Worker-19: Launching Executing install in C__develop_Spring java_Alejandro-Agapito_kafka_curso-kafka] INFO  o.eclipse.m2e.core.internal.Bundles - 	Entry: C:\Users\adria\Desktop\devtools\sts-4.24.0.RELEASE\plugins\org.eclipse.m2e.maven.runtime_3.9.700.20240602-2313\jars\maven-resolver-transport-wagon-1.9.20.jar
2026-04-28 22:48:12,420 [Worker-19: Launching Executing install in C__develop_Spring java_Alejandro-Agapito_kafka_curso-kafka] INFO  o.eclipse.m2e.core.internal.Bundles - 	Entry: C:\Users\adria\Desktop\devtools\sts-4.24.0.RELEASE\plugins\org.eclipse.m2e.maven.runtime_3.9.700.20240602-2313\jars\maven-resolver-util-1.9.20.jar
2026-04-28 22:48:12,420 [Worker-19: Launching Executing install in C__develop_Spring java_Alejandro-Agapito_kafka_curso-kafka] INFO  o.eclipse.m2e.core.internal.Bundles - 	Entry: C:\Users\adria\Desktop\devtools\sts-4.24.0.RELEASE\plugins\org.eclipse.m2e.maven.runtime_3.9.700.20240602-2313\jars\maven-settings-3.9.7.jar
2026-04-28 22:48:12,421 [Worker-19: Launching Executing install in C__develop_Spring java_Alejandro-Agapito_kafka_curso-kafka] INFO  o.eclipse.m2e.core.internal.Bundles - 	Entry: C:\Users\adria\Desktop\devtools\sts-4.24.0.RELEASE\plugins\org.eclipse.m2e.maven.runtime_3.9.700.20240602-2313\jars\maven-settings-builder-3.9.7.jar
2026-04-28 22:48:12,421 [Worker-19: Launching Executing install in C__develop_Spring java_Alejandro-Agapito_kafka_curso-kafka] INFO  o.eclipse.m2e.core.internal.Bundles - 	Entry: C:\Users\adria\Desktop\devtools\sts-4.24.0.RELEASE\plugins\org.eclipse.m2e.maven.runtime_3.9.700.20240602-2313\jars\maven-shared-utils-3.4.2.jar
2026-04-28 22:48:12,421 [Worker-19: Launching Executing install in C__develop_Spring java_Alejandro-Agapito_kafka_curso-kafka] INFO  o.eclipse.m2e.core.internal.Bundles - 	Entry: C:\Users\adria\Desktop\devtools\sts-4.24.0.RELEASE\plugins\org.eclipse.m2e.maven.runtime_3.9.700.20240602-2313\jars\org.eclipse.sisu.inject-0.9.0.M2.jar
2026-04-28 22:48:12,422 [Worker-19: Launching Executing install in C__develop_Spring java_Alejandro-Agapito_kafka_curso-kafka] INFO  o.eclipse.m2e.core.internal.Bundles - 	Entry: C:\Users\adria\Desktop\devtools\sts-4.24.0.RELEASE\plugins\org.eclipse.m2e.maven.runtime_3.9.700.20240602-2313\jars\org.eclipse.sisu.plexus-0.9.0.M2.jar
2026-04-28 22:48:12,422 [Worker-19: Launching Executing install in C__develop_Spring java_Alejandro-Agapito_kafka_curso-kafka] INFO  o.eclipse.m2e.core.internal.Bundles - 	Entry: C:\Users\adria\Desktop\devtools\sts-4.24.0.RELEASE\plugins\org.eclipse.m2e.maven.runtime_3.9.700.20240602-2313\jars\plexus-build-api-0.0.7.jar
2026-04-28 22:48:12,422 [Worker-19: Launching Executing install in C__develop_Spring java_Alejandro-Agapito_kafka_curso-kafka] INFO  o.eclipse.m2e.core.internal.Bundles - 	Entry: C:\Users\adria\Desktop\devtools\sts-4.24.0.RELEASE\plugins\org.eclipse.m2e.maven.runtime_3.9.700.20240602-2313\jars\plexus-build-api-1.2.0.jar
2026-04-28 22:48:12,422 [Worker-19: Launching Executing install in C__develop_Spring java_Alejandro-Agapito_kafka_curso-kafka] INFO  o.eclipse.m2e.core.internal.Bundles - 	Entry: C:\Users\adria\Desktop\devtools\sts-4.24.0.RELEASE\plugins\org.eclipse.m2e.maven.runtime_3.9.700.20240602-2313\jars\plexus-cipher-2.0.jar
2026-04-28 22:48:12,423 [Worker-19: Launching Executing install in C__develop_Spring java_Alejandro-Agapito_kafka_curso-kafka] INFO  o.eclipse.m2e.core.internal.Bundles - 	Entry: C:\Users\adria\Desktop\devtools\sts-4.24.0.RELEASE\plugins\org.eclipse.m2e.maven.runtime_3.9.700.20240602-2313\jars\plexus-classworlds-2.8.0.jar
2026-04-28 22:48:12,423 [Worker-19: Launching Executing install in C__develop_Spring java_Alejandro-Agapito_kafka_curso-kafka] INFO  o.eclipse.m2e.core.internal.Bundles - 	Entry: C:\Users\adria\Desktop\devtools\sts-4.24.0.RELEASE\plugins\org.eclipse.m2e.maven.runtime_3.9.700.20240602-2313\jars\plexus-component-annotations-2.1.0.jar
2026-04-28 22:48:12,423 [Worker-19: Launching Executing install in C__develop_Spring java_Alejandro-Agapito_kafka_curso-kafka] INFO  o.eclipse.m2e.core.internal.Bundles - 	Entry: C:\Users\adria\Desktop\devtools\sts-4.24.0.RELEASE\plugins\org.eclipse.m2e.maven.runtime_3.9.700.20240602-2313\jars\plexus-interpolation-1.27.jar
2026-04-28 22:48:12,423 [Worker-19: Launching Executing install in C__develop_Spring java_Alejandro-Agapito_kafka_curso-kafka] INFO  o.eclipse.m2e.core.internal.Bundles - 	Entry: C:\Users\adria\Desktop\devtools\sts-4.24.0.RELEASE\plugins\org.eclipse.m2e.maven.runtime_3.9.700.20240602-2313\jars\plexus-sec-dispatcher-2.0.jar
2026-04-28 22:48:12,424 [Worker-19: Launching Executing install in C__develop_Spring java_Alejandro-Agapito_kafka_curso-kafka] INFO  o.eclipse.m2e.core.internal.Bundles - 	Entry: C:\Users\adria\Desktop\devtools\sts-4.24.0.RELEASE\plugins\org.eclipse.m2e.maven.runtime_3.9.700.20240602-2313\jars\plexus-utils-3.5.1.jar
2026-04-28 22:48:12,424 [Worker-19: Launching Executing install in C__develop_Spring java_Alejandro-Agapito_kafka_curso-kafka] INFO  o.eclipse.m2e.core.internal.Bundles - 	Entry: C:\Users\adria\Desktop\devtools\sts-4.24.0.RELEASE\plugins\org.eclipse.m2e.maven.runtime_3.9.700.20240602-2313\jars\wagon-file-3.5.3.jar
2026-04-28 22:48:12,424 [Worker-19: Launching Executing install in C__develop_Spring java_Alejandro-Agapito_kafka_curso-kafka] INFO  o.eclipse.m2e.core.internal.Bundles - 	Entry: C:\Users\adria\Desktop\devtools\sts-4.24.0.RELEASE\plugins\org.eclipse.m2e.maven.runtime_3.9.700.20240602-2313\jars\wagon-http-3.5.3.jar
2026-04-28 22:48:12,425 [Worker-19: Launching Executing install in C__develop_Spring java_Alejandro-Agapito_kafka_curso-kafka] INFO  o.eclipse.m2e.core.internal.Bundles - 	Entry: C:\Users\adria\Desktop\devtools\sts-4.24.0.RELEASE\plugins\org.eclipse.m2e.maven.runtime_3.9.700.20240602-2313\jars\wagon-http-shared-3.5.3.jar
2026-04-28 22:48:12,425 [Worker-19: Launching Executing install in C__develop_Spring java_Alejandro-Agapito_kafka_curso-kafka] INFO  o.eclipse.m2e.core.internal.Bundles - 	Entry: C:\Users\adria\Desktop\devtools\sts-4.24.0.RELEASE\plugins\org.eclipse.m2e.maven.runtime_3.9.700.20240602-2313\jars\wagon-provider-api-3.5.3.jar
2026-04-28 22:48:12,425 [Worker-19: Launching Executing install in C__develop_Spring java_Alejandro-Agapito_kafka_curso-kafka] INFO  o.eclipse.m2e.core.internal.Bundles - getClasspathEntries(Bundle=com.google.guava_33.2.0.jre [29])
2026-04-28 22:48:12,427 [Worker-19: Launching Executing install in C__develop_Spring java_Alejandro-Agapito_kafka_curso-kafka] INFO  o.eclipse.m2e.core.internal.Bundles - 	Entry: C:\Users\adria\Desktop\devtools\sts-4.24.0.RELEASE\plugins\com.google.guava_33.2.0.jre.jar
2026-04-28 22:48:12,427 [Worker-19: Launching Executing install in C__develop_Spring java_Alejandro-Agapito_kafka_curso-kafka] INFO  o.eclipse.m2e.core.internal.Bundles - getClasspathEntries(Bundle=slf4j.api_2.0.13 [592])
2026-04-28 22:48:12,430 [Worker-19: Launching Executing install in C__develop_Spring java_Alejandro-Agapito_kafka_curso-kafka] INFO  o.eclipse.m2e.core.internal.Bundles - 	Entry: C:\Users\adria\Desktop\devtools\sts-4.24.0.RELEASE\plugins\slf4j.api_2.0.13.jar
2026-04-28 22:48:12,430 [Worker-19: Launching Executing install in C__develop_Spring java_Alejandro-Agapito_kafka_curso-kafka] INFO  o.eclipse.m2e.core.internal.Bundles - getClasspathEntries(Bundle=jakarta.inject.jakarta.inject-api_1.0.5 [44])
2026-04-28 22:48:12,432 [Worker-19: Launching Executing install in C__develop_Spring java_Alejandro-Agapito_kafka_curso-kafka] INFO  o.eclipse.m2e.core.internal.Bundles - 	Entry: C:\Users\adria\Desktop\devtools\sts-4.24.0.RELEASE\plugins\jakarta.inject.jakarta.inject-api_1.0.5.jar
2026-04-28 22:48:12,432 [Worker-19: Launching Executing install in C__develop_Spring java_Alejandro-Agapito_kafka_curso-kafka] INFO  o.eclipse.m2e.core.internal.Bundles - getClasspathEntries(Bundle=javax.annotation_1.3.5.v20200909-1856 [53])
2026-04-28 22:48:12,432 [Worker-19: Launching Executing install in C__develop_Spring java_Alejandro-Agapito_kafka_curso-kafka] INFO  o.eclipse.m2e.core.internal.Bundles - 	Entry: C:\Users\adria\Desktop\devtools\sts-4.24.0.RELEASE\plugins\javax.annotation_1.3.5.v20200909-1856.jar
2026-04-28 22:48:12,433 [Worker-19: Launching Executing install in C__develop_Spring java_Alejandro-Agapito_kafka_curso-kafka] INFO  o.eclipse.m2e.core.internal.Bundles - getClasspathEntries(Bundle=org.apache.commons.cli_1.8.0 [76])
2026-04-28 22:48:12,433 [Worker-19: Launching Executing install in C__develop_Spring java_Alejandro-Agapito_kafka_curso-kafka] INFO  o.eclipse.m2e.core.internal.Bundles - 	Entry: C:\Users\adria\Desktop\devtools\sts-4.24.0.RELEASE\plugins\org.apache.commons.cli_1.8.0.jar
2026-04-28 22:48:12,433 [Worker-19: Launching Executing install in C__develop_Spring java_Alejandro-Agapito_kafka_curso-kafka] INFO  o.eclipse.m2e.core.internal.Bundles - getClasspathEntries(Bundle=org.apache.commons.commons-codec_1.16.0 [78])
2026-04-28 22:48:12,434 [Worker-19: Launching Executing install in C__develop_Spring java_Alejandro-Agapito_kafka_curso-kafka] INFO  o.eclipse.m2e.core.internal.Bundles - 	Entry: C:\Users\adria\Desktop\devtools\sts-4.24.0.RELEASE\plugins\org.apache.commons.commons-codec_1.16.0.jar
2026-04-28 22:48:12,434 [Worker-19: Launching Executing install in C__develop_Spring java_Alejandro-Agapito_kafka_curso-kafka] INFO  o.eclipse.m2e.core.internal.Bundles - getClasspathEntries(Bundle=org.apache.commons.lang3_3.14.0 [82])
2026-04-28 22:48:12,434 [Worker-19: Launching Executing install in C__develop_Spring java_Alejandro-Agapito_kafka_curso-kafka] INFO  o.eclipse.m2e.core.internal.Bundles - 	Entry: C:\Users\adria\Desktop\devtools\sts-4.24.0.RELEASE\plugins\org.apache.commons.lang3_3.14.0.jar
2026-04-28 22:48:12,435 [Worker-19: Launching Executing install in C__develop_Spring java_Alejandro-Agapito_kafka_curso-kafka] INFO  o.eclipse.m2e.core.internal.Bundles - getClasspathEntries(Bundle=com.google.guava.failureaccess_1.0.2 [30])
2026-04-28 22:48:12,435 [Worker-19: Launching Executing install in C__develop_Spring java_Alejandro-Agapito_kafka_curso-kafka] INFO  o.eclipse.m2e.core.internal.Bundles - 	Entry: C:\Users\adria\Desktop\devtools\sts-4.24.0.RELEASE\plugins\com.google.guava.failureaccess_1.0.2.jar
2026-04-28 22:48:12,438 [Worker-19: Launching Executing install in C__develop_Spring java_Alejandro-Agapito_kafka_curso-kafka] INFO  o.e.m.i.launch.MavenLaunchDelegate - Run build in "C:\develop\Spring java\Alejandro-Agapito\kafka\curso-kafka":
2026-04-28 22:48:12,438 [Worker-19: Launching Executing install in C__develop_Spring java_Alejandro-Agapito_kafka_curso-kafka] INFO  o.e.m.i.launch.MavenLaunchDelegate -  mvn  -B -Dstyle.color=always install
2026-04-29 22:22:30,577 [Worker-38: Building] WARN  o.a.m.s.f.DefaultMavenResourcesFiltering - Using platform encoding (UTF-8 actually) to copy filtered resources, i.e. build is platform dependent!
2026-04-29 22:22:30,582 [Worker-38: Building] INFO  o.a.m.s.f.DefaultMavenResourcesFiltering - Copying 0 resource from src\main\resources to target\classes
2026-04-29 22:22:30,590 [Worker-38: Building] WARN  o.a.m.s.f.DefaultMavenResourcesFiltering - Using platform encoding (UTF-8 actually) to copy filtered resources, i.e. build is platform dependent!
2026-04-29 22:22:30,593 [Worker-38: Building] INFO  o.a.m.s.f.DefaultMavenResourcesFiltering - Copying 0 resource from src\test\resources to target\test-classes
2026-04-29 22:34:54,478 [Worker-41: Building] WARN  o.a.m.s.f.DefaultMavenResourcesFiltering - Using platform encoding (UTF-8 actually) to copy filtered resources, i.e. build is platform dependent!
2026-04-29 22:34:54,481 [Worker-41: Building] INFO  o.a.m.s.f.DefaultMavenResourcesFiltering - Copying 0 resource from src\main\resources to target\classes
2026-04-29 22:34:54,483 [Worker-41: Building] WARN  o.a.m.s.f.DefaultMavenResourcesFiltering - Using platform encoding (UTF-8 actually) to copy filtered resources, i.e. build is platform dependent!
2026-04-29 22:34:54,485 [Worker-41: Building] INFO  o.a.m.s.f.DefaultMavenResourcesFiltering - Copying 0 resource from src\test\resources to target\test-classes
2026-04-29 22:35:04,891 [Worker-43: Building] WARN  o.a.m.s.f.DefaultMavenResourcesFiltering - Using platform encoding (UTF-8 actually) to copy filtered resources, i.e. build is platform dependent!
2026-04-29 22:35:04,895 [Worker-43: Building] INFO  o.a.m.s.f.DefaultMavenResourcesFiltering - Copying 0 resource from src\main\resources to target\classes
2026-04-29 22:35:04,898 [Worker-43: Building] WARN  o.a.m.s.f.DefaultMavenResourcesFiltering - Using platform encoding (UTF-8 actually) to copy filtered resources, i.e. build is platform dependent!
2026-04-29 22:35:04,900 [Worker-43: Building] INFO  o.a.m.s.f.DefaultMavenResourcesFiltering - Copying 0 resource from src\test\resources to target\test-classes
2026-04-29 22:35:15,338 [Worker-40: Building] WARN  o.a.m.s.f.DefaultMavenResourcesFiltering - Using platform encoding (UTF-8 actually) to copy filtered resources, i.e. build is platform dependent!
2026-04-29 22:35:15,340 [Worker-40: Building] INFO  o.a.m.s.f.DefaultMavenResourcesFiltering - Copying 0 resource from src\main\resources to target\classes
2026-04-29 22:35:15,343 [Worker-40: Building] WARN  o.a.m.s.f.DefaultMavenResourcesFiltering - Using platform encoding (UTF-8 actually) to copy filtered resources, i.e. build is platform dependent!
2026-04-29 22:35:15,346 [Worker-40: Building] INFO  o.a.m.s.f.DefaultMavenResourcesFiltering - Copying 0 resource from src\test\resources to target\test-classes
2026-04-29 22:41:31,002 [Worker-47: Building] WARN  o.a.m.s.f.DefaultMavenResourcesFiltering - Using platform encoding (UTF-8 actually) to copy filtered resources, i.e. build is platform dependent!
2026-04-29 22:41:31,005 [Worker-47: Building] INFO  o.a.m.s.f.DefaultMavenResourcesFiltering - Copying 0 resource from src\main\resources to target\classes
2026-04-29 22:41:31,008 [Worker-47: Building] WARN  o.a.m.s.f.DefaultMavenResourcesFiltering - Using platform encoding (UTF-8 actually) to copy filtered resources, i.e. build is platform dependent!
2026-04-29 22:41:31,011 [Worker-47: Building] INFO  o.a.m.s.f.DefaultMavenResourcesFiltering - Copying 0 resource from src\test\resources to target\test-classes
2026-04-29 22:47:33,005 [Worker-53: Building] WARN  o.a.m.s.f.DefaultMavenResourcesFiltering - Using platform encoding (UTF-8 actually) to copy filtered resources, i.e. build is platform dependent!
2026-04-29 22:47:33,008 [Worker-53: Building] INFO  o.a.m.s.f.DefaultMavenResourcesFiltering - Copying 0 resource from src\main\resources to target\classes
2026-04-29 22:47:33,014 [Worker-53: Building] WARN  o.a.m.s.f.DefaultMavenResourcesFiltering - Using platform encoding (UTF-8 actually) to copy filtered resources, i.e. build is platform dependent!
2026-04-29 22:47:33,017 [Worker-53: Building] INFO  o.a.m.s.f.DefaultMavenResourcesFiltering - Copying 0 resource from src\test\resources to target\test-classes
2026-04-29 22:48:23,570 [Worker-54: Building] WARN  o.a.m.s.f.DefaultMavenResourcesFiltering - Using platform encoding (UTF-8 actually) to copy filtered resources, i.e. build is platform dependent!
2026-04-29 22:48:23,572 [Worker-54: Building] INFO  o.a.m.s.f.DefaultMavenResourcesFiltering - Copying 0 resource from src\main\resources to target\classes
2026-04-29 22:48:23,575 [Worker-54: Building] WARN  o.a.m.s.f.DefaultMavenResourcesFiltering - Using platform encoding (UTF-8 actually) to copy filtered resources, i.e. build is platform dependent!
2026-04-29 22:48:23,577 [Worker-54: Building] INFO  o.a.m.s.f.DefaultMavenResourcesFiltering - Copying 0 resource from src\test\resources to target\test-classes
2026-04-29 22:48:32,079 [Worker-47: Building] WARN  o.a.m.s.f.DefaultMavenResourcesFiltering - Using platform encoding (UTF-8 actually) to copy filtered resources, i.e. build is platform dependent!
2026-04-29 22:48:32,081 [Worker-47: Building] INFO  o.a.m.s.f.DefaultMavenResourcesFiltering - Copying 0 resource from src\main\resources to target\classes
2026-04-29 22:48:32,084 [Worker-47: Building] WARN  o.a.m.s.f.DefaultMavenResourcesFiltering - Using platform encoding (UTF-8 actually) to copy filtered resources, i.e. build is platform dependent!
2026-04-29 22:48:32,086 [Worker-47: Building] INFO  o.a.m.s.f.DefaultMavenResourcesFiltering - Copying 0 resource from src\test\resources to target\test-classes
2026-04-29 22:48:56,128 [Worker-51: Building] WARN  o.a.m.s.f.DefaultMavenResourcesFiltering - Using platform encoding (UTF-8 actually) to copy filtered resources, i.e. build is platform dependent!
2026-04-29 22:48:56,130 [Worker-51: Building] INFO  o.a.m.s.f.DefaultMavenResourcesFiltering - Copying 0 resource from src\main\resources to target\classes
2026-04-29 22:48:56,133 [Worker-51: Building] WARN  o.a.m.s.f.DefaultMavenResourcesFiltering - Using platform encoding (UTF-8 actually) to copy filtered resources, i.e. build is platform dependent!
2026-04-29 22:48:56,134 [Worker-51: Building] INFO  o.a.m.s.f.DefaultMavenResourcesFiltering - Copying 0 resource from src\test\resources to target\test-classes
2026-04-29 22:51:17,510 [Worker-54: Building] WARN  o.a.m.s.f.DefaultMavenResourcesFiltering - Using platform encoding (UTF-8 actually) to copy filtered resources, i.e. build is platform dependent!
2026-04-29 22:51:17,513 [Worker-54: Building] INFO  o.a.m.s.f.DefaultMavenResourcesFiltering - Copying 0 resource from src\main\resources to target\classes
2026-04-29 22:51:17,516 [Worker-54: Building] WARN  o.a.m.s.f.DefaultMavenResourcesFiltering - Using platform encoding (UTF-8 actually) to copy filtered resources, i.e. build is platform dependent!
2026-04-29 22:51:17,518 [Worker-54: Building] INFO  o.a.m.s.f.DefaultMavenResourcesFiltering - Copying 0 resource from src\test\resources to target\test-classes
2026-04-29 22:51:58,025 [Worker-51: Building] WARN  o.a.m.s.f.DefaultMavenResourcesFiltering - Using platform encoding (UTF-8 actually) to copy filtered resources, i.e. build is platform dependent!
2026-04-29 22:51:58,028 [Worker-51: Building] INFO  o.a.m.s.f.DefaultMavenResourcesFiltering - Copying 0 resource from src\main\resources to target\classes
2026-04-29 22:51:58,031 [Worker-51: Building] WARN  o.a.m.s.f.DefaultMavenResourcesFiltering - Using platform encoding (UTF-8 actually) to copy filtered resources, i.e. build is platform dependent!
2026-04-29 22:51:58,033 [Worker-51: Building] INFO  o.a.m.s.f.DefaultMavenResourcesFiltering - Copying 0 resource from src\test\resources to target\test-classes
2026-04-29 22:58:39,299 [Worker-56: Building] WARN  o.a.m.s.f.DefaultMavenResourcesFiltering - Using platform encoding (UTF-8 actually) to copy filtered resources, i.e. build is platform dependent!
2026-04-29 22:58:39,302 [Worker-56: Building] INFO  o.a.m.s.f.DefaultMavenResourcesFiltering - Copying 0 resource from src\main\resources to target\classes
2026-04-29 22:58:39,305 [Worker-56: Building] WARN  o.a.m.s.f.DefaultMavenResourcesFiltering - Using platform encoding (UTF-8 actually) to copy filtered resources, i.e. build is platform dependent!
2026-04-29 22:58:39,307 [Worker-56: Building] INFO  o.a.m.s.f.DefaultMavenResourcesFiltering - Copying 0 resource from src\test\resources to target\test-classes
2026-04-29 22:59:01,389 [Worker-57: Building] WARN  o.a.m.s.f.DefaultMavenResourcesFiltering - Using platform encoding (UTF-8 actually) to copy filtered resources, i.e. build is platform dependent!
2026-04-29 22:59:01,391 [Worker-57: Building] INFO  o.a.m.s.f.DefaultMavenResourcesFiltering - Copying 0 resource from src\main\resources to target\classes
2026-04-29 22:59:01,393 [Worker-57: Building] WARN  o.a.m.s.f.DefaultMavenResourcesFiltering - Using platform encoding (UTF-8 actually) to copy filtered resources, i.e. build is platform dependent!
2026-04-29 22:59:01,394 [Worker-57: Building] INFO  o.a.m.s.f.DefaultMavenResourcesFiltering - Copying 0 resource from src\test\resources to target\test-classes
2026-05-01 13:58:45,034 [Worker-73: Launching DevjProducer] WARN  o.a.m.s.f.DefaultMavenResourcesFiltering - Using platform encoding (UTF-8 actually) to copy filtered resources, i.e. build is platform dependent!
2026-05-01 13:58:45,075 [Worker-73: Launching DevjProducer] INFO  o.a.m.s.f.DefaultMavenResourcesFiltering - Copying 0 resource from src\main\resources to target\classes
2026-05-01 13:58:45,083 [Worker-73: Launching DevjProducer] WARN  o.a.m.s.f.DefaultMavenResourcesFiltering - Using platform encoding (UTF-8 actually) to copy filtered resources, i.e. build is platform dependent!
2026-05-01 13:58:45,087 [Worker-73: Launching DevjProducer] INFO  o.a.m.s.f.DefaultMavenResourcesFiltering - Copying 0 resource from src\test\resources to target\test-classes
2026-05-01 14:02:13,490 [Worker-80: Building] WARN  o.a.m.s.f.DefaultMavenResourcesFiltering - Using platform encoding (UTF-8 actually) to copy filtered resources, i.e. build is platform dependent!
2026-05-01 14:02:13,495 [Worker-80: Building] INFO  o.a.m.s.f.DefaultMavenResourcesFiltering - Copying 0 resource from src\main\resources to target\classes
2026-05-01 14:02:13,501 [Worker-80: Building] WARN  o.a.m.s.f.DefaultMavenResourcesFiltering - Using platform encoding (UTF-8 actually) to copy filtered resources, i.e. build is platform dependent!
2026-05-01 14:02:13,506 [Worker-80: Building] INFO  o.a.m.s.f.DefaultMavenResourcesFiltering - Copying 0 resource from src\test\resources to target\test-classes
2026-05-01 14:10:37,946 [Worker-77: Building] WARN  o.a.m.s.f.DefaultMavenResourcesFiltering - Using platform encoding (UTF-8 actually) to copy filtered resources, i.e. build is platform dependent!
2026-05-01 14:10:37,958 [Worker-77: Building] INFO  o.a.m.s.f.DefaultMavenResourcesFiltering - Copying 0 resource from src\main\resources to target\classes
2026-05-01 14:10:37,963 [Worker-77: Building] WARN  o.a.m.s.f.DefaultMavenResourcesFiltering - Using platform encoding (UTF-8 actually) to copy filtered resources, i.e. build is platform dependent!
2026-05-01 14:10:37,967 [Worker-77: Building] INFO  o.a.m.s.f.DefaultMavenResourcesFiltering - Copying 0 resource from src\test\resources to target\test-classes
2026-05-01 14:10:45,498 [Worker-83: Building] WARN  o.a.m.s.f.DefaultMavenResourcesFiltering - Using platform encoding (UTF-8 actually) to copy filtered resources, i.e. build is platform dependent!
2026-05-01 14:10:45,500 [Worker-83: Building] INFO  o.a.m.s.f.DefaultMavenResourcesFiltering - Copying 0 resource from src\main\resources to target\classes
2026-05-01 14:10:45,503 [Worker-83: Building] WARN  o.a.m.s.f.DefaultMavenResourcesFiltering - Using platform encoding (UTF-8 actually) to copy filtered resources, i.e. build is platform dependent!
2026-05-01 14:10:45,507 [Worker-83: Building] INFO  o.a.m.s.f.DefaultMavenResourcesFiltering - Copying 0 resource from src\test\resources to target\test-classes
2026-05-01 14:10:49,683 [Worker-84: Building] WARN  o.a.m.s.f.DefaultMavenResourcesFiltering - Using platform encoding (UTF-8 actually) to copy filtered resources, i.e. build is platform dependent!
2026-05-01 14:10:49,686 [Worker-84: Building] INFO  o.a.m.s.f.DefaultMavenResourcesFiltering - Copying 0 resource from src\main\resources to target\classes
2026-05-01 14:10:49,690 [Worker-84: Building] WARN  o.a.m.s.f.DefaultMavenResourcesFiltering - Using platform encoding (UTF-8 actually) to copy filtered resources, i.e. build is platform dependent!
2026-05-01 14:10:49,693 [Worker-84: Building] INFO  o.a.m.s.f.DefaultMavenResourcesFiltering - Copying 0 resource from src\test\resources to target\test-classes
2026-05-01 14:11:00,157 [Worker-84: Building] WARN  o.a.m.s.f.DefaultMavenResourcesFiltering - Using platform encoding (UTF-8 actually) to copy filtered resources, i.e. build is platform dependent!
2026-05-01 14:11:00,159 [Worker-84: Building] INFO  o.a.m.s.f.DefaultMavenResourcesFiltering - Copying 0 resource from src\main\resources to target\classes
2026-05-01 14:11:00,163 [Worker-84: Building] WARN  o.a.m.s.f.DefaultMavenResourcesFiltering - Using platform encoding (UTF-8 actually) to copy filtered resources, i.e. build is platform dependent!
2026-05-01 14:11:00,168 [Worker-84: Building] INFO  o.a.m.s.f.DefaultMavenResourcesFiltering - Copying 0 resource from src\test\resources to target\test-classes
2026-05-01 16:21:07,953 [Worker-90: Building] WARN  o.a.m.s.f.DefaultMavenResourcesFiltering - Using platform encoding (UTF-8 actually) to copy filtered resources, i.e. build is platform dependent!
2026-05-01 16:21:07,981 [Worker-90: Building] INFO  o.a.m.s.f.DefaultMavenResourcesFiltering - Copying 0 resource from src\main\resources to target\classes
2026-05-01 16:21:07,994 [Worker-90: Building] WARN  o.a.m.s.f.DefaultMavenResourcesFiltering - Using platform encoding (UTF-8 actually) to copy filtered resources, i.e. build is platform dependent!
2026-05-01 16:21:07,997 [Worker-90: Building] INFO  o.a.m.s.f.DefaultMavenResourcesFiltering - Copying 0 resource from src\test\resources to target\test-classes
2026-05-01 16:21:10,820 [Worker-92: Building] WARN  o.a.m.s.f.DefaultMavenResourcesFiltering - Using platform encoding (UTF-8 actually) to copy filtered resources, i.e. build is platform dependent!
2026-05-01 16:21:10,822 [Worker-92: Building] INFO  o.a.m.s.f.DefaultMavenResourcesFiltering - Copying 0 resource from src\main\resources to target\classes
2026-05-01 16:21:10,829 [Worker-92: Building] WARN  o.a.m.s.f.DefaultMavenResourcesFiltering - Using platform encoding (UTF-8 actually) to copy filtered resources, i.e. build is platform dependent!
2026-05-01 16:21:10,831 [Worker-92: Building] INFO  o.a.m.s.f.DefaultMavenResourcesFiltering - Copying 0 resource from src\test\resources to target\test-classes
2026-05-01 16:21:15,421 [Worker-92: Building] WARN  o.a.m.s.f.DefaultMavenResourcesFiltering - Using platform encoding (UTF-8 actually) to copy filtered resources, i.e. build is platform dependent!
2026-05-01 16:21:15,427 [Worker-92: Building] INFO  o.a.m.s.f.DefaultMavenResourcesFiltering - Copying 0 resource from src\main\resources to target\classes
2026-05-01 16:21:15,437 [Worker-92: Building] WARN  o.a.m.s.f.DefaultMavenResourcesFiltering - Using platform encoding (UTF-8 actually) to copy filtered resources, i.e. build is platform dependent!
2026-05-01 16:21:15,444 [Worker-92: Building] INFO  o.a.m.s.f.DefaultMavenResourcesFiltering - Copying 0 resource from src\test\resources to target\test-classes
2026-05-01 16:21:32,011 [Worker-87: Building] WARN  o.a.m.s.f.DefaultMavenResourcesFiltering - Using platform encoding (UTF-8 actually) to copy filtered resources, i.e. build is platform dependent!
2026-05-01 16:21:32,014 [Worker-87: Building] INFO  o.a.m.s.f.DefaultMavenResourcesFiltering - Copying 0 resource from src\main\resources to target\classes
2026-05-01 16:21:32,016 [Worker-87: Building] WARN  o.a.m.s.f.DefaultMavenResourcesFiltering - Using platform encoding (UTF-8 actually) to copy filtered resources, i.e. build is platform dependent!
2026-05-01 16:21:32,018 [Worker-87: Building] INFO  o.a.m.s.f.DefaultMavenResourcesFiltering - Copying 0 resource from src\test\resources to target\test-classes
2026-05-01 16:21:58,786 [Worker-91: Building] WARN  o.a.m.s.f.DefaultMavenResourcesFiltering - Using platform encoding (UTF-8 actually) to copy filtered resources, i.e. build is platform dependent!
2026-05-01 16:21:58,788 [Worker-91: Building] INFO  o.a.m.s.f.DefaultMavenResourcesFiltering - Copying 0 resource from src\main\resources to target\classes
2026-05-01 16:21:58,791 [Worker-91: Building] WARN  o.a.m.s.f.DefaultMavenResourcesFiltering - Using platform encoding (UTF-8 actually) to copy filtered resources, i.e. build is platform dependent!
2026-05-01 16:21:58,794 [Worker-91: Building] INFO  o.a.m.s.f.DefaultMavenResourcesFiltering - Copying 0 resource from src\test\resources to target\test-classes
2026-05-01 16:44:54,606 [Worker-97: Building] WARN  o.a.m.s.f.DefaultMavenResourcesFiltering - Using platform encoding (UTF-8 actually) to copy filtered resources, i.e. build is platform dependent!
2026-05-01 16:44:54,609 [Worker-97: Building] INFO  o.a.m.s.f.DefaultMavenResourcesFiltering - Copying 0 resource from src\main\resources to target\classes
2026-05-01 16:44:54,611 [Worker-97: Building] WARN  o.a.m.s.f.DefaultMavenResourcesFiltering - Using platform encoding (UTF-8 actually) to copy filtered resources, i.e. build is platform dependent!
2026-05-01 16:44:54,614 [Worker-97: Building] INFO  o.a.m.s.f.DefaultMavenResourcesFiltering - Copying 0 resource from src\test\resources to target\test-classes
2026-05-01 16:46:25,117 [Worker-98: Building] WARN  o.a.m.s.f.DefaultMavenResourcesFiltering - Using platform encoding (UTF-8 actually) to copy filtered resources, i.e. build is platform dependent!
2026-05-01 16:46:25,120 [Worker-98: Building] INFO  o.a.m.s.f.DefaultMavenResourcesFiltering - Copying 0 resource from src\main\resources to target\classes
2026-05-01 16:46:25,123 [Worker-98: Building] WARN  o.a.m.s.f.DefaultMavenResourcesFiltering - Using platform encoding (UTF-8 actually) to copy filtered resources, i.e. build is platform dependent!
2026-05-01 16:46:25,126 [Worker-98: Building] INFO  o.a.m.s.f.DefaultMavenResourcesFiltering - Copying 0 resource from src\test\resources to target\test-classes
2026-05-01 16:48:04,502 [Worker-97: Building] WARN  o.a.m.s.f.DefaultMavenResourcesFiltering - Using platform encoding (UTF-8 actually) to copy filtered resources, i.e. build is platform dependent!
2026-05-01 16:48:04,505 [Worker-97: Building] INFO  o.a.m.s.f.DefaultMavenResourcesFiltering - Copying 0 resource from src\main\resources to target\classes
2026-05-01 16:48:04,509 [Worker-97: Building] WARN  o.a.m.s.f.DefaultMavenResourcesFiltering - Using platform encoding (UTF-8 actually) to copy filtered resources, i.e. build is platform dependent!
2026-05-01 16:48:04,515 [Worker-97: Building] INFO  o.a.m.s.f.DefaultMavenResourcesFiltering - Copying 0 resource from src\test\resources to target\test-classes
2026-05-01 16:48:07,310 [Worker-98: Building] WARN  o.a.m.s.f.DefaultMavenResourcesFiltering - Using platform encoding (UTF-8 actually) to copy filtered resources, i.e. build is platform dependent!
2026-05-01 16:48:07,313 [Worker-98: Building] INFO  o.a.m.s.f.DefaultMavenResourcesFiltering - Copying 0 resource from src\main\resources to target\classes
2026-05-01 16:48:07,316 [Worker-98: Building] WARN  o.a.m.s.f.DefaultMavenResourcesFiltering - Using platform encoding (UTF-8 actually) to copy filtered resources, i.e. build is platform dependent!
2026-05-01 16:48:07,319 [Worker-98: Building] INFO  o.a.m.s.f.DefaultMavenResourcesFiltering - Copying 0 resource from src\test\resources to target\test-classes
2026-05-01 16:49:15,043 [Worker-98: Building] WARN  o.a.m.s.f.DefaultMavenResourcesFiltering - Using platform encoding (UTF-8 actually) to copy filtered resources, i.e. build is platform dependent!
2026-05-01 16:49:15,046 [Worker-98: Building] INFO  o.a.m.s.f.DefaultMavenResourcesFiltering - Copying 0 resource from src\main\resources to target\classes
2026-05-01 16:49:15,048 [Worker-98: Building] WARN  o.a.m.s.f.DefaultMavenResourcesFiltering - Using platform encoding (UTF-8 actually) to copy filtered resources, i.e. build is platform dependent!
2026-05-01 16:49:15,050 [Worker-98: Building] INFO  o.a.m.s.f.DefaultMavenResourcesFiltering - Copying 0 resource from src\test\resources to target\test-classes
2026-05-01 16:49:19,416 [Worker-98: Building] WARN  o.a.m.s.f.DefaultMavenResourcesFiltering - Using platform encoding (UTF-8 actually) to copy filtered resources, i.e. build is platform dependent!
2026-05-01 16:49:19,419 [Worker-98: Building] INFO  o.a.m.s.f.DefaultMavenResourcesFiltering - Copying 0 resource from src\main\resources to target\classes
2026-05-01 16:49:19,423 [Worker-98: Building] WARN  o.a.m.s.f.DefaultMavenResourcesFiltering - Using platform encoding (UTF-8 actually) to copy filtered resources, i.e. build is platform dependent!
2026-05-01 16:49:19,425 [Worker-98: Building] INFO  o.a.m.s.f.DefaultMavenResourcesFiltering - Copying 0 resource from src\test\resources to target\test-classes
2026-05-01 16:50:19,260 [Worker-96: Building] WARN  o.a.m.s.f.DefaultMavenResourcesFiltering - Using platform encoding (UTF-8 actually) to copy filtered resources, i.e. build is platform dependent!
2026-05-01 16:50:19,262 [Worker-96: Building] INFO  o.a.m.s.f.DefaultMavenResourcesFiltering - Copying 0 resource from src\main\resources to target\classes
2026-05-01 16:50:19,265 [Worker-96: Building] WARN  o.a.m.s.f.DefaultMavenResourcesFiltering - Using platform encoding (UTF-8 actually) to copy filtered resources, i.e. build is platform dependent!
2026-05-01 16:50:19,268 [Worker-96: Building] INFO  o.a.m.s.f.DefaultMavenResourcesFiltering - Copying 0 resource from src\test\resources to target\test-classes
2026-05-01 16:51:46,027 [Worker-96: Building] WARN  o.a.m.s.f.DefaultMavenResourcesFiltering - Using platform encoding (UTF-8 actually) to copy filtered resources, i.e. build is platform dependent!
2026-05-01 16:51:46,030 [Worker-96: Building] INFO  o.a.m.s.f.DefaultMavenResourcesFiltering - Copying 0 resource from src\main\resources to target\classes
2026-05-01 16:51:46,033 [Worker-96: Building] WARN  o.a.m.s.f.DefaultMavenResourcesFiltering - Using platform encoding (UTF-8 actually) to copy filtered resources, i.e. build is platform dependent!
2026-05-01 16:51:46,035 [Worker-96: Building] INFO  o.a.m.s.f.DefaultMavenResourcesFiltering - Copying 0 resource from src\test\resources to target\test-classes
2026-05-01 16:51:51,117 [Worker-95: Building] WARN  o.a.m.s.f.DefaultMavenResourcesFiltering - Using platform encoding (UTF-8 actually) to copy filtered resources, i.e. build is platform dependent!
2026-05-01 16:51:51,120 [Worker-95: Building] INFO  o.a.m.s.f.DefaultMavenResourcesFiltering - Copying 0 resource from src\main\resources to target\classes
2026-05-01 16:51:51,122 [Worker-95: Building] WARN  o.a.m.s.f.DefaultMavenResourcesFiltering - Using platform encoding (UTF-8 actually) to copy filtered resources, i.e. build is platform dependent!
2026-05-01 16:51:51,124 [Worker-95: Building] INFO  o.a.m.s.f.DefaultMavenResourcesFiltering - Copying 0 resource from src\test\resources to target\test-classes
2026-05-01 16:52:01,216 [Worker-96: Building] WARN  o.a.m.s.f.DefaultMavenResourcesFiltering - Using platform encoding (UTF-8 actually) to copy filtered resources, i.e. build is platform dependent!
2026-05-01 16:52:01,218 [Worker-96: Building] INFO  o.a.m.s.f.DefaultMavenResourcesFiltering - Copying 0 resource from src\main\resources to target\classes
2026-05-01 16:52:01,220 [Worker-96: Building] WARN  o.a.m.s.f.DefaultMavenResourcesFiltering - Using platform encoding (UTF-8 actually) to copy filtered resources, i.e. build is platform dependent!
2026-05-01 16:52:01,223 [Worker-96: Building] INFO  o.a.m.s.f.DefaultMavenResourcesFiltering - Copying 0 resource from src\test\resources to target\test-classes
2026-05-01 16:53:39,602 [Worker-94: Building] WARN  o.a.m.s.f.DefaultMavenResourcesFiltering - Using platform encoding (UTF-8 actually) to copy filtered resources, i.e. build is platform dependent!
2026-05-01 16:53:39,605 [Worker-94: Building] INFO  o.a.m.s.f.DefaultMavenResourcesFiltering - Copying 0 resource from src\main\resources to target\classes
2026-05-01 16:53:39,607 [Worker-94: Building] WARN  o.a.m.s.f.DefaultMavenResourcesFiltering - Using platform encoding (UTF-8 actually) to copy filtered resources, i.e. build is platform dependent!
2026-05-01 16:53:39,608 [Worker-94: Building] INFO  o.a.m.s.f.DefaultMavenResourcesFiltering - Copying 0 resource from src\test\resources to target\test-classes
2026-05-01 16:53:47,003 [Worker-94: Building] WARN  o.a.m.s.f.DefaultMavenResourcesFiltering - Using platform encoding (UTF-8 actually) to copy filtered resources, i.e. build is platform dependent!
2026-05-01 16:53:47,004 [Worker-94: Building] INFO  o.a.m.s.f.DefaultMavenResourcesFiltering - Copying 0 resource from src\main\resources to target\classes
2026-05-01 16:53:47,006 [Worker-94: Building] WARN  o.a.m.s.f.DefaultMavenResourcesFiltering - Using platform encoding (UTF-8 actually) to copy filtered resources, i.e. build is platform dependent!
2026-05-01 16:53:47,008 [Worker-94: Building] INFO  o.a.m.s.f.DefaultMavenResourcesFiltering - Copying 0 resource from src\test\resources to target\test-classes
2026-05-01 16:55:53,976 [Worker-103: Building] WARN  o.a.m.s.f.DefaultMavenResourcesFiltering - Using platform encoding (UTF-8 actually) to copy filtered resources, i.e. build is platform dependent!
2026-05-01 16:55:53,978 [Worker-103: Building] INFO  o.a.m.s.f.DefaultMavenResourcesFiltering - Copying 0 resource from src\main\resources to target\classes
2026-05-01 16:55:53,979 [Worker-103: Building] WARN  o.a.m.s.f.DefaultMavenResourcesFiltering - Using platform encoding (UTF-8 actually) to copy filtered resources, i.e. build is platform dependent!
2026-05-01 16:55:53,981 [Worker-103: Building] INFO  o.a.m.s.f.DefaultMavenResourcesFiltering - Copying 0 resource from src\test\resources to target\test-classes
2026-05-01 16:55:55,771 [Worker-103: Building] WARN  o.a.m.s.f.DefaultMavenResourcesFiltering - Using platform encoding (UTF-8 actually) to copy filtered resources, i.e. build is platform dependent!
2026-05-01 16:55:55,774 [Worker-103: Building] INFO  o.a.m.s.f.DefaultMavenResourcesFiltering - Copying 0 resource from src\main\resources to target\classes
2026-05-01 16:55:55,776 [Worker-103: Building] WARN  o.a.m.s.f.DefaultMavenResourcesFiltering - Using platform encoding (UTF-8 actually) to copy filtered resources, i.e. build is platform dependent!
2026-05-01 16:55:55,780 [Worker-103: Building] INFO  o.a.m.s.f.DefaultMavenResourcesFiltering - Copying 0 resource from src\test\resources to target\test-classes
2026-05-01 17:18:22,103 [Worker-115: Building] WARN  o.a.m.s.f.DefaultMavenResourcesFiltering - Using platform encoding (UTF-8 actually) to copy filtered resources, i.e. build is platform dependent!
2026-05-01 17:18:22,144 [Worker-115: Building] INFO  o.a.m.s.f.DefaultMavenResourcesFiltering - Copying 0 resource from src\main\resources to target\classes
2026-05-01 17:18:22,147 [Worker-115: Building] WARN  o.a.m.s.f.DefaultMavenResourcesFiltering - Using platform encoding (UTF-8 actually) to copy filtered resources, i.e. build is platform dependent!
2026-05-01 17:18:22,149 [Worker-115: Building] INFO  o.a.m.s.f.DefaultMavenResourcesFiltering - Copying 0 resource from src\test\resources to target\test-classes
2026-05-01 17:18:46,841 [Worker-116: Building] WARN  o.a.m.s.f.DefaultMavenResourcesFiltering - Using platform encoding (UTF-8 actually) to copy filtered resources, i.e. build is platform dependent!
2026-05-01 17:18:46,843 [Worker-116: Building] INFO  o.a.m.s.f.DefaultMavenResourcesFiltering - Copying 0 resource from src\main\resources to target\classes
2026-05-01 17:18:46,846 [Worker-116: Building] WARN  o.a.m.s.f.DefaultMavenResourcesFiltering - Using platform encoding (UTF-8 actually) to copy filtered resources, i.e. build is platform dependent!
2026-05-01 17:18:46,849 [Worker-116: Building] INFO  o.a.m.s.f.DefaultMavenResourcesFiltering - Copying 0 resource from src\test\resources to target\test-classes
2026-05-01 17:19:43,757 [Worker-117: Building] WARN  o.a.m.s.f.DefaultMavenResourcesFiltering - Using platform encoding (UTF-8 actually) to copy filtered resources, i.e. build is platform dependent!
2026-05-01 17:19:43,759 [Worker-117: Building] INFO  o.a.m.s.f.DefaultMavenResourcesFiltering - Copying 0 resource from src\main\resources to target\classes
2026-05-01 17:19:43,761 [Worker-117: Building] WARN  o.a.m.s.f.DefaultMavenResourcesFiltering - Using platform encoding (UTF-8 actually) to copy filtered resources, i.e. build is platform dependent!
2026-05-01 17:19:43,763 [Worker-117: Building] INFO  o.a.m.s.f.DefaultMavenResourcesFiltering - Copying 0 resource from src\test\resources to target\test-classes
2026-05-02 17:44:21,304 [Worker-117: Building] WARN  o.a.m.s.f.DefaultMavenResourcesFiltering - Using platform encoding (UTF-8 actually) to copy filtered resources, i.e. build is platform dependent!
2026-05-02 17:44:21,355 [Worker-117: Building] INFO  o.a.m.s.f.DefaultMavenResourcesFiltering - Copying 0 resource from src\main\resources to target\classes
2026-05-02 17:44:21,361 [Worker-117: Building] WARN  o.a.m.s.f.DefaultMavenResourcesFiltering - Using platform encoding (UTF-8 actually) to copy filtered resources, i.e. build is platform dependent!
2026-05-02 17:44:21,366 [Worker-117: Building] INFO  o.a.m.s.f.DefaultMavenResourcesFiltering - Copying 0 resource from src\test\resources to target\test-classes
2026-05-02 17:45:06,692 [Worker-117: Building] WARN  o.a.m.s.f.DefaultMavenResourcesFiltering - Using platform encoding (UTF-8 actually) to copy filtered resources, i.e. build is platform dependent!
2026-05-02 17:45:06,695 [Worker-117: Building] INFO  o.a.m.s.f.DefaultMavenResourcesFiltering - Copying 0 resource from src\main\resources to target\classes
2026-05-02 17:45:06,703 [Worker-117: Building] WARN  o.a.m.s.f.DefaultMavenResourcesFiltering - Using platform encoding (UTF-8 actually) to copy filtered resources, i.e. build is platform dependent!
2026-05-02 17:45:06,708 [Worker-117: Building] INFO  o.a.m.s.f.DefaultMavenResourcesFiltering - Copying 0 resource from src\test\resources to target\test-classes
2026-05-02 17:45:11,570 [Worker-126: Building] WARN  o.a.m.s.f.DefaultMavenResourcesFiltering - Using platform encoding (UTF-8 actually) to copy filtered resources, i.e. build is platform dependent!
2026-05-02 17:45:11,573 [Worker-126: Building] INFO  o.a.m.s.f.DefaultMavenResourcesFiltering - Copying 0 resource from src\main\resources to target\classes
2026-05-02 17:45:11,578 [Worker-126: Building] WARN  o.a.m.s.f.DefaultMavenResourcesFiltering - Using platform encoding (UTF-8 actually) to copy filtered resources, i.e. build is platform dependent!
2026-05-02 17:45:11,581 [Worker-126: Building] INFO  o.a.m.s.f.DefaultMavenResourcesFiltering - Copying 0 resource from src\test\resources to target\test-classes
2026-05-02 17:46:05,088 [Worker-125: Building] WARN  o.a.m.s.f.DefaultMavenResourcesFiltering - Using platform encoding (UTF-8 actually) to copy filtered resources, i.e. build is platform dependent!
2026-05-02 17:46:05,091 [Worker-125: Building] INFO  o.a.m.s.f.DefaultMavenResourcesFiltering - Copying 0 resource from src\main\resources to target\classes
2026-05-02 17:46:05,093 [Worker-125: Building] WARN  o.a.m.s.f.DefaultMavenResourcesFiltering - Using platform encoding (UTF-8 actually) to copy filtered resources, i.e. build is platform dependent!
2026-05-02 17:46:05,095 [Worker-125: Building] INFO  o.a.m.s.f.DefaultMavenResourcesFiltering - Copying 0 resource from src\test\resources to target\test-classes
2026-05-02 17:46:31,199 [Worker-123: Building] WARN  o.a.m.s.f.DefaultMavenResourcesFiltering - Using platform encoding (UTF-8 actually) to copy filtered resources, i.e. build is platform dependent!
2026-05-02 17:46:31,206 [Worker-123: Building] INFO  o.a.m.s.f.DefaultMavenResourcesFiltering - Copying 0 resource from src\main\resources to target\classes
2026-05-02 17:46:31,211 [Worker-123: Building] WARN  o.a.m.s.f.DefaultMavenResourcesFiltering - Using platform encoding (UTF-8 actually) to copy filtered resources, i.e. build is platform dependent!
2026-05-02 17:46:31,215 [Worker-123: Building] INFO  o.a.m.s.f.DefaultMavenResourcesFiltering - Copying 0 resource from src\test\resources to target\test-classes
2026-05-02 17:46:34,612 [Worker-126: Building] WARN  o.a.m.s.f.DefaultMavenResourcesFiltering - Using platform encoding (UTF-8 actually) to copy filtered resources, i.e. build is platform dependent!
2026-05-02 17:46:34,615 [Worker-126: Building] INFO  o.a.m.s.f.DefaultMavenResourcesFiltering - Copying 0 resource from src\main\resources to target\classes
2026-05-02 17:46:34,618 [Worker-126: Building] WARN  o.a.m.s.f.DefaultMavenResourcesFiltering - Using platform encoding (UTF-8 actually) to copy filtered resources, i.e. build is platform dependent!
2026-05-02 17:46:34,620 [Worker-126: Building] INFO  o.a.m.s.f.DefaultMavenResourcesFiltering - Copying 0 resource from src\test\resources to target\test-classes
2026-05-02 17:47:35,514 [Worker-123: Building] WARN  o.a.m.s.f.DefaultMavenResourcesFiltering - Using platform encoding (UTF-8 actually) to copy filtered resources, i.e. build is platform dependent!
2026-05-02 17:47:35,517 [Worker-123: Building] INFO  o.a.m.s.f.DefaultMavenResourcesFiltering - Copying 0 resource from src\main\resources to target\classes
2026-05-02 17:47:35,520 [Worker-123: Building] WARN  o.a.m.s.f.DefaultMavenResourcesFiltering - Using platform encoding (UTF-8 actually) to copy filtered resources, i.e. build is platform dependent!
2026-05-02 17:47:35,522 [Worker-123: Building] INFO  o.a.m.s.f.DefaultMavenResourcesFiltering - Copying 0 resource from src\test\resources to target\test-classes
2026-05-02 17:48:34,452 [Worker-117: Building] WARN  o.a.m.s.f.DefaultMavenResourcesFiltering - Using platform encoding (UTF-8 actually) to copy filtered resources, i.e. build is platform dependent!
2026-05-02 17:48:34,454 [Worker-117: Building] INFO  o.a.m.s.f.DefaultMavenResourcesFiltering - Copying 0 resource from src\main\resources to target\classes
2026-05-02 17:48:34,456 [Worker-117: Building] WARN  o.a.m.s.f.DefaultMavenResourcesFiltering - Using platform encoding (UTF-8 actually) to copy filtered resources, i.e. build is platform dependent!
2026-05-02 17:48:34,459 [Worker-117: Building] INFO  o.a.m.s.f.DefaultMavenResourcesFiltering - Copying 0 resource from src\test\resources to target\test-classes
2026-05-02 17:51:12,886 [Worker-128: Building] WARN  o.a.m.s.f.DefaultMavenResourcesFiltering - Using platform encoding (UTF-8 actually) to copy filtered resources, i.e. build is platform dependent!
2026-05-02 17:51:12,889 [Worker-128: Building] INFO  o.a.m.s.f.DefaultMavenResourcesFiltering - Copying 0 resource from src\main\resources to target\classes
2026-05-02 17:51:12,892 [Worker-128: Building] WARN  o.a.m.s.f.DefaultMavenResourcesFiltering - Using platform encoding (UTF-8 actually) to copy filtered resources, i.e. build is platform dependent!
2026-05-02 17:51:12,894 [Worker-128: Building] INFO  o.a.m.s.f.DefaultMavenResourcesFiltering - Copying 0 resource from src\test\resources to target\test-classes
2026-05-02 17:52:17,185 [Worker-127: Building] WARN  o.a.m.s.f.DefaultMavenResourcesFiltering - Using platform encoding (UTF-8 actually) to copy filtered resources, i.e. build is platform dependent!
2026-05-02 17:52:17,188 [Worker-127: Building] INFO  o.a.m.s.f.DefaultMavenResourcesFiltering - Copying 0 resource from src\main\resources to target\classes
2026-05-02 17:52:17,194 [Worker-127: Building] WARN  o.a.m.s.f.DefaultMavenResourcesFiltering - Using platform encoding (UTF-8 actually) to copy filtered resources, i.e. build is platform dependent!
2026-05-02 17:52:17,197 [Worker-127: Building] INFO  o.a.m.s.f.DefaultMavenResourcesFiltering - Copying 0 resource from src\test\resources to target\test-classes
2026-05-02 17:53:47,674 [Worker-127: Building] WARN  o.a.m.s.f.DefaultMavenResourcesFiltering - Using platform encoding (UTF-8 actually) to copy filtered resources, i.e. build is platform dependent!
2026-05-02 17:53:47,677 [Worker-127: Building] INFO  o.a.m.s.f.DefaultMavenResourcesFiltering - Copying 0 resource from src\main\resources to target\classes
2026-05-02 17:53:47,679 [Worker-127: Building] WARN  o.a.m.s.f.DefaultMavenResourcesFiltering - Using platform encoding (UTF-8 actually) to copy filtered resources, i.e. build is platform dependent!
2026-05-02 17:53:47,681 [Worker-127: Building] INFO  o.a.m.s.f.DefaultMavenResourcesFiltering - Copying 0 resource from src\test\resources to target\test-classes
2026-05-02 17:54:21,906 [Worker-127: Building] WARN  o.a.m.s.f.DefaultMavenResourcesFiltering - Using platform encoding (UTF-8 actually) to copy filtered resources, i.e. build is platform dependent!
2026-05-02 17:54:21,909 [Worker-127: Building] INFO  o.a.m.s.f.DefaultMavenResourcesFiltering - Copying 0 resource from src\main\resources to target\classes
2026-05-02 17:54:21,911 [Worker-127: Building] WARN  o.a.m.s.f.DefaultMavenResourcesFiltering - Using platform encoding (UTF-8 actually) to copy filtered resources, i.e. build is platform dependent!
2026-05-02 17:54:21,913 [Worker-127: Building] INFO  o.a.m.s.f.DefaultMavenResourcesFiltering - Copying 0 resource from src\test\resources to target\test-classes
2026-05-02 17:55:13,306 [Worker-131: Building] WARN  o.a.m.s.f.DefaultMavenResourcesFiltering - Using platform encoding (UTF-8 actually) to copy filtered resources, i.e. build is platform dependent!
2026-05-02 17:55:13,308 [Worker-131: Building] INFO  o.a.m.s.f.DefaultMavenResourcesFiltering - Copying 0 resource from src\main\resources to target\classes
2026-05-02 17:55:13,309 [Worker-131: Building] WARN  o.a.m.s.f.DefaultMavenResourcesFiltering - Using platform encoding (UTF-8 actually) to copy filtered resources, i.e. build is platform dependent!
2026-05-02 17:55:13,311 [Worker-131: Building] INFO  o.a.m.s.f.DefaultMavenResourcesFiltering - Copying 0 resource from src\test\resources to target\test-classes
2026-05-02 17:56:32,363 [Worker-133: Building] WARN  o.a.m.s.f.DefaultMavenResourcesFiltering - Using platform encoding (UTF-8 actually) to copy filtered resources, i.e. build is platform dependent!
2026-05-02 17:56:32,365 [Worker-133: Building] INFO  o.a.m.s.f.DefaultMavenResourcesFiltering - Copying 0 resource from src\main\resources to target\classes
2026-05-02 17:56:32,367 [Worker-133: Building] WARN  o.a.m.s.f.DefaultMavenResourcesFiltering - Using platform encoding (UTF-8 actually) to copy filtered resources, i.e. build is platform dependent!
2026-05-02 17:56:32,369 [Worker-133: Building] INFO  o.a.m.s.f.DefaultMavenResourcesFiltering - Copying 0 resource from src\test\resources to target\test-classes
2026-05-02 17:58:32,496 [Worker-126: Building] WARN  o.a.m.s.f.DefaultMavenResourcesFiltering - Using platform encoding (UTF-8 actually) to copy filtered resources, i.e. build is platform dependent!
2026-05-02 17:58:32,501 [Worker-126: Building] INFO  o.a.m.s.f.DefaultMavenResourcesFiltering - Copying 0 resource from src\main\resources to target\classes
2026-05-02 17:58:32,504 [Worker-126: Building] WARN  o.a.m.s.f.DefaultMavenResourcesFiltering - Using platform encoding (UTF-8 actually) to copy filtered resources, i.e. build is platform dependent!
2026-05-02 17:58:32,507 [Worker-126: Building] INFO  o.a.m.s.f.DefaultMavenResourcesFiltering - Copying 0 resource from src\test\resources to target\test-classes
